{"/home/travis/build/npmtest/node-npmtest-readable-stream/test.js":{"path":"/home/travis/build/npmtest/node-npmtest-readable-stream/test.js","s":{"1":2,"2":2,"3":2,"4":2,"5":2,"6":2,"7":2,"8":1,"9":2,"10":2,"11":1,"12":1,"13":1,"14":1,"15":2,"16":2,"17":2,"18":2,"19":1,"20":1,"21":2,"22":2,"23":2,"24":1,"25":1,"26":1,"27":1,"28":1,"29":1,"30":1,"31":1,"32":1,"33":1,"34":1,"35":1,"36":1,"37":1,"38":1,"39":2,"40":2,"41":1,"42":2,"43":2,"44":1,"45":2,"46":2,"47":1,"48":2,"49":2,"50":1,"51":1,"52":1,"53":1,"54":1},"b":{"1":[2,1,1,1],"2":[1,1,1,1],"3":[1,1],"4":[1,1],"5":[1,1],"6":[1,1],"7":[1,1],"8":[1,1],"9":[1,1],"10":[1,1,1],"11":[1,1],"12":[1,1],"13":[1,1],"14":[1,1],"15":[1,1],"16":[1,1],"17":[1,1]},"f":{"1":2,"2":2,"3":2,"4":2,"5":2,"6":1,"7":1,"8":1,"9":2,"10":2,"11":2,"12":2,"13":1},"fnMap":{"1":{"name":"(anonymous_1)","line":12,"loc":{"start":{"line":12,"column":1},"end":{"line":12,"column":13}}},"2":{"name":"(anonymous_2)","line":19,"loc":{"start":{"line":19,"column":5},"end":{"line":19,"column":17}}},"3":{"name":"(anonymous_3)","line":23,"loc":{"start":{"line":23,"column":24},"end":{"line":23,"column":36}}},"4":{"name":"(anonymous_4)","line":61,"loc":{"start":{"line":61,"column":5},"end":{"line":61,"column":17}}},"5":{"name":"(anonymous_5)","line":82,"loc":{"start":{"line":82,"column":5},"end":{"line":82,"column":17}}},"6":{"name":"(anonymous_6)","line":91,"loc":{"start":{"line":91,"column":77},"end":{"line":94,"column":10}}},"7":{"name":"(anonymous_7)","line":112,"loc":{"start":{"line":112,"column":83},"end":{"line":115,"column":10}},"skip":true},"8":{"name":"(anonymous_8)","line":123,"loc":{"start":{"line":123,"column":77},"end":{"line":126,"column":10}},"skip":true},"9":{"name":"(anonymous_9)","line":139,"loc":{"start":{"line":139,"column":12},"end":{"line":139,"column":40}},"skip":true},"10":{"name":"(anonymous_10)","line":147,"loc":{"start":{"line":147,"column":77},"end":{"line":150,"column":10}},"skip":true},"11":{"name":"(anonymous_11)","line":158,"loc":{"start":{"line":158,"column":83},"end":{"line":161,"column":10}},"skip":true},"12":{"name":"(anonymous_12)","line":169,"loc":{"start":{"line":169,"column":79},"end":{"line":172,"column":10}},"skip":true},"13":{"name":"(anonymous_13)","line":180,"loc":{"start":{"line":180,"column":75},"end":{"line":183,"column":10}},"skip":true}},"statementMap":{"1":{"start":{"line":12,"column":0},"end":{"line":195,"column":5}},"2":{"start":{"line":14,"column":4},"end":{"line":14,"column":14}},"3":{"start":{"line":19,"column":4},"end":{"line":56,"column":9}},"4":{"start":{"line":21,"column":8},"end":{"line":21,"column":19}},"5":{"start":{"line":23,"column":8},"end":{"line":35,"column":13}},"6":{"start":{"line":24,"column":12},"end":{"line":34,"column":13}},"7":{"start":{"line":25,"column":16},"end":{"line":28,"column":30}},"8":{"start":{"line":30,"column":16},"end":{"line":33,"column":27}},"9":{"start":{"line":37,"column":8},"end":{"line":39,"column":21}},"10":{"start":{"line":40,"column":8},"end":{"line":53,"column":9}},"11":{"start":{"line":43,"column":12},"end":{"line":46,"column":14}},"12":{"start":{"line":47,"column":12},"end":{"line":47,"column":18}},"13":{"start":{"line":50,"column":12},"end":{"line":51,"column":33}},"14":{"start":{"line":52,"column":12},"end":{"line":52,"column":18}},"15":{"start":{"line":55,"column":8},"end":{"line":55,"column":35}},"16":{"start":{"line":61,"column":4},"end":{"line":63,"column":9}},"17":{"start":{"line":62,"column":8},"end":{"line":62,"column":15}},"18":{"start":{"line":64,"column":4},"end":{"line":77,"column":5}},"19":{"start":{"line":70,"column":8},"end":{"line":70,"column":14}},"20":{"start":{"line":76,"column":8},"end":{"line":76,"column":14}},"21":{"start":{"line":82,"column":4},"end":{"line":84,"column":9}},"22":{"start":{"line":83,"column":8},"end":{"line":83,"column":15}},"23":{"start":{"line":85,"column":4},"end":{"line":194,"column":5}},"24":{"start":{"line":91,"column":8},"end":{"line":99,"column":10}},"25":{"start":{"line":98,"column":12},"end":{"line":98,"column":35}},"26":{"start":{"line":102,"column":8},"end":{"line":104,"column":63}},"27":{"start":{"line":105,"column":8},"end":{"line":105,"column":14}},"28":{"start":{"line":112,"column":8},"end":{"line":121,"column":10},"skip":true},"29":{"start":{"line":119,"column":12},"end":{"line":119,"column":55},"skip":true},"30":{"start":{"line":120,"column":12},"end":{"line":120,"column":48},"skip":true},"31":{"start":{"line":123,"column":8},"end":{"line":136,"column":10},"skip":true},"32":{"start":{"line":130,"column":12},"end":{"line":130,"column":76},"skip":true},"33":{"start":{"line":131,"column":12},"end":{"line":131,"column":73},"skip":true},"34":{"start":{"line":132,"column":12},"end":{"line":132,"column":74},"skip":true},"35":{"start":{"line":133,"column":12},"end":{"line":133,"column":79},"skip":true},"36":{"start":{"line":134,"column":12},"end":{"line":134,"column":25},"skip":true},"37":{"start":{"line":135,"column":12},"end":{"line":135,"column":45},"skip":true},"38":{"start":{"line":138,"column":8},"end":{"line":145,"column":14},"skip":true},"39":{"start":{"line":143,"column":16},"end":{"line":143,"column":29},"skip":true},"40":{"start":{"line":144,"column":16},"end":{"line":144,"column":55},"skip":true},"41":{"start":{"line":147,"column":8},"end":{"line":156,"column":10},"skip":true},"42":{"start":{"line":154,"column":12},"end":{"line":154,"column":25},"skip":true},"43":{"start":{"line":155,"column":12},"end":{"line":155,"column":45},"skip":true},"44":{"start":{"line":158,"column":8},"end":{"line":167,"column":10},"skip":true},"45":{"start":{"line":165,"column":12},"end":{"line":165,"column":25},"skip":true},"46":{"start":{"line":166,"column":12},"end":{"line":166,"column":48},"skip":true},"47":{"start":{"line":169,"column":8},"end":{"line":178,"column":10},"skip":true},"48":{"start":{"line":176,"column":12},"end":{"line":176,"column":25},"skip":true},"49":{"start":{"line":177,"column":12},"end":{"line":177,"column":46},"skip":true},"50":{"start":{"line":180,"column":8},"end":{"line":189,"column":10},"skip":true},"51":{"start":{"line":187,"column":12},"end":{"line":187,"column":94},"skip":true},"52":{"start":{"line":188,"column":12},"end":{"line":188,"column":48},"skip":true},"53":{"start":{"line":192,"column":8},"end":{"line":192,"column":35},"skip":true},"54":{"start":{"line":193,"column":8},"end":{"line":193,"column":14},"skip":true}},"branchMap":{"1":{"line":25,"type":"binary-expr","locations":[{"start":{"line":25,"column":23},"end":{"line":25,"column":62}},{"start":{"line":26,"column":20},"end":{"line":26,"column":70}},{"start":{"line":27,"column":20},"end":{"line":27,"column":71}},{"start":{"line":28,"column":20},"end":{"line":28,"column":29}}]},"2":{"line":30,"type":"binary-expr","locations":[{"start":{"line":30,"column":23},"end":{"line":30,"column":37}},{"start":{"line":31,"column":20},"end":{"line":31,"column":61}},{"start":{"line":32,"column":20},"end":{"line":32,"column":70}},{"start":{"line":33,"column":20},"end":{"line":33,"column":26}}]},"3":{"line":37,"type":"cond-expr","locations":[{"start":{"line":38,"column":14},"end":{"line":38,"column":20}},{"start":{"line":39,"column":14},"end":{"line":39,"column":20}}]},"4":{"line":40,"type":"switch","locations":[{"start":{"line":42,"column":8},"end":{"line":47,"column":18}},{"start":{"line":49,"column":8},"end":{"line":52,"column":18}}]},"5":{"line":44,"type":"binary-expr","locations":[{"start":{"line":44,"column":16},"end":{"line":44,"column":44}},{"start":{"line":44,"column":48},"end":{"line":44,"column":66}}]},"6":{"line":50,"type":"binary-expr","locations":[{"start":{"line":50,"column":21},"end":{"line":50,"column":49}},{"start":{"line":50,"column":53},"end":{"line":50,"column":72}}]},"7":{"line":64,"type":"switch","locations":[{"start":{"line":69,"column":4},"end":{"line":70,"column":14}},{"start":{"line":75,"column":4},"end":{"line":76,"column":14}}]},"8":{"line":85,"type":"switch","locations":[{"start":{"line":90,"column":4},"end":{"line":105,"column":14}},{"start":{"line":111,"column":4},"end":{"line":193,"column":14},"skip":true}]},"9":{"line":91,"type":"binary-expr","locations":[{"start":{"line":91,"column":42},"end":{"line":91,"column":73}},{"start":{"line":91,"column":77},"end":{"line":99,"column":9}}]},"10":{"line":102,"type":"binary-expr","locations":[{"start":{"line":102,"column":18},"end":{"line":102,"column":32}},{"start":{"line":103,"column":12},"end":{"line":103,"column":53}},{"start":{"line":104,"column":12},"end":{"line":104,"column":61}}]},"11":{"line":112,"type":"binary-expr","locations":[{"start":{"line":112,"column":45},"end":{"line":112,"column":79},"skip":true},{"start":{"line":112,"column":83},"end":{"line":121,"column":9},"skip":true}]},"12":{"line":123,"type":"binary-expr","locations":[{"start":{"line":123,"column":42},"end":{"line":123,"column":73},"skip":true},{"start":{"line":123,"column":77},"end":{"line":136,"column":9},"skip":true}]},"13":{"line":138,"type":"binary-expr","locations":[{"start":{"line":138,"column":48},"end":{"line":138,"column":85},"skip":true},{"start":{"line":139,"column":12},"end":{"line":145,"column":13},"skip":true}]},"14":{"line":147,"type":"binary-expr","locations":[{"start":{"line":147,"column":42},"end":{"line":147,"column":73},"skip":true},{"start":{"line":147,"column":77},"end":{"line":156,"column":9},"skip":true}]},"15":{"line":158,"type":"binary-expr","locations":[{"start":{"line":158,"column":45},"end":{"line":158,"column":79},"skip":true},{"start":{"line":158,"column":83},"end":{"line":167,"column":9},"skip":true}]},"16":{"line":169,"type":"binary-expr","locations":[{"start":{"line":169,"column":43},"end":{"line":169,"column":75},"skip":true},{"start":{"line":169,"column":79},"end":{"line":178,"column":9},"skip":true}]},"17":{"line":180,"type":"binary-expr","locations":[{"start":{"line":180,"column":41},"end":{"line":180,"column":71},"skip":true},{"start":{"line":180,"column":75},"end":{"line":189,"column":9},"skip":true}]}},"code":["/* istanbul instrument in package npmtest_readable_stream */","/*jslint","    bitwise: true,","    browser: true,","    maxerr: 8,","    maxlen: 96,","    node: true,","    nomen: true,","    regexp: true,","    stupid: true","*/","(function () {","    'use strict';","    var local;","","","","    // run shared js-env code - pre-init","    (function () {","        // init local","        local = {};","        // init modeJs","        local.modeJs = (function () {","            try {","                return typeof navigator.userAgent === 'string' &&","                    typeof document.querySelector('body') === 'object' &&","                    typeof XMLHttpRequest.prototype.open === 'function' &&","                    'browser';","            } catch (errorCaughtBrowser) {","                return module.exports &&","                    typeof process.versions.node === 'string' &&","                    typeof require('http').createServer === 'function' &&","                    'node';","            }","        }());","        // init global","        local.global = local.modeJs === 'browser'","            ? window","            : global;","        switch (local.modeJs) {","        // re-init local from window.local","        case 'browser':","            local = local.global.utility2.objectSetDefault(","                local.global.utility2_rollup || local.global.local,","                local.global.utility2","            );","            break;","        // re-init local from example.js","        case 'node':","            local = (local.global.utility2_rollup || require('utility2'))","                .requireReadme();","            break;","        }","        // export local","        local.global.local = local;","    }());","","","","    // run shared js-env code - function","    (function () {","        return;","    }());","    switch (local.modeJs) {","","","","    // run browser js-env code - function","    case 'browser':","        break;","","","","    // run node js-env code - function","    case 'node':","        break;","    }","","","","    // run shared js-env code - post-init","    (function () {","        return;","    }());","    switch (local.modeJs) {","","","","    // run browser js-env code - post-init","    case 'browser':","        local.testCase_browser_nullCase = local.testCase_browser_nullCase || function (","            options,","            onError","        ) {","        /*","         * this function will test browsers's null-case handling-behavior-behavior","         */","            onError(null, options);","        };","","        // run tests","        local.nop(local.modeTest &&","            document.querySelector('#testRunButton1') &&","            document.querySelector('#testRunButton1').click());","        break;","","","","    // run node js-env code - post-init","    /* istanbul ignore next */","    case 'node':","        local.testCase_buildApidoc_default = local.testCase_buildApidoc_default || function (","            options,","            onError","        ) {","        /*","         * this function will test buildApidoc's default handling-behavior-behavior","         */","            options = { modulePathList: module.paths };","            local.buildApidoc(options, onError);","        };","","        local.testCase_buildApp_default = local.testCase_buildApp_default || function (","            options,","            onError","        ) {","        /*","         * this function will test buildApp's default handling-behavior-behavior","         */","            local.testCase_buildReadme_default(options, local.onErrorThrow);","            local.testCase_buildLib_default(options, local.onErrorThrow);","            local.testCase_buildTest_default(options, local.onErrorThrow);","            local.testCase_buildCustomOrg_default(options, local.onErrorThrow);","            options = [];","            local.buildApp(options, onError);","        };","","        local.testCase_buildCustomOrg_default = local.testCase_buildCustomOrg_default ||","            function (options, onError) {","            /*","             * this function will test buildCustomOrg's default handling-behavior","             */","                options = {};","                local.buildCustomOrg(options, onError);","            };","","        local.testCase_buildLib_default = local.testCase_buildLib_default || function (","            options,","            onError","        ) {","        /*","         * this function will test buildLib's default handling-behavior","         */","            options = {};","            local.buildLib(options, onError);","        };","","        local.testCase_buildReadme_default = local.testCase_buildReadme_default || function (","            options,","            onError","        ) {","        /*","         * this function will test buildReadme's default handling-behavior-behavior","         */","            options = {};","            local.buildReadme(options, onError);","        };","","        local.testCase_buildTest_default = local.testCase_buildTest_default || function (","            options,","            onError","        ) {","        /*","         * this function will test buildTest's default handling-behavior","         */","            options = {};","            local.buildTest(options, onError);","        };","","        local.testCase_webpage_default = local.testCase_webpage_default || function (","            options,","            onError","        ) {","        /*","         * this function will test webpage's default handling-behavior","         */","            options = { modeCoverageMerge: true, url: local.serverLocalHost + '?modeTest=1' };","            local.browserTest(options, onError);","        };","","        // run test-server","        local.testRunServer(local);","        break;","    }","}());",""],"l":{"12":2,"14":2,"19":2,"21":2,"23":2,"24":2,"25":2,"30":1,"37":2,"40":2,"43":1,"47":1,"50":1,"52":1,"55":2,"61":2,"62":2,"64":2,"70":1,"76":1,"82":2,"83":2,"85":2,"91":1,"98":1,"102":1,"105":1,"112":1,"119":1,"120":1,"123":1,"130":1,"131":1,"132":1,"133":1,"134":1,"135":1,"138":1,"143":2,"144":2,"147":1,"154":2,"155":2,"158":1,"165":2,"166":2,"169":1,"176":2,"177":2,"180":1,"187":1,"188":1,"192":1,"193":1}},"/home/travis/build/npmtest/node-npmtest-readable-stream/lib.npmtest_readable_stream.js":{"path":"/home/travis/build/npmtest/node-npmtest-readable-stream/lib.npmtest_readable_stream.js","s":{"1":2,"2":2,"3":2,"4":2,"5":2,"6":2,"7":2,"8":1,"9":2,"10":2,"11":2,"12":2,"13":1,"14":1,"15":1,"16":1},"b":{"1":[2,1,1,1],"2":[1,1,1,1],"3":[1,1],"4":[2,2],"5":[1,1]},"f":{"1":2,"2":2,"3":2},"fnMap":{"1":{"name":"(anonymous_1)","line":12,"loc":{"start":{"line":12,"column":1},"end":{"line":12,"column":13}}},"2":{"name":"(anonymous_2)","line":19,"loc":{"start":{"line":19,"column":5},"end":{"line":19,"column":17}}},"3":{"name":"(anonymous_3)","line":23,"loc":{"start":{"line":23,"column":24},"end":{"line":23,"column":36}}}},"statementMap":{"1":{"start":{"line":12,"column":0},"end":{"line":53,"column":5}},"2":{"start":{"line":14,"column":4},"end":{"line":14,"column":14}},"3":{"start":{"line":19,"column":4},"end":{"line":52,"column":9}},"4":{"start":{"line":21,"column":8},"end":{"line":21,"column":19}},"5":{"start":{"line":23,"column":8},"end":{"line":35,"column":13}},"6":{"start":{"line":24,"column":12},"end":{"line":34,"column":13}},"7":{"start":{"line":25,"column":16},"end":{"line":28,"column":30}},"8":{"start":{"line":30,"column":16},"end":{"line":33,"column":27}},"9":{"start":{"line":37,"column":8},"end":{"line":39,"column":21}},"10":{"start":{"line":41,"column":8},"end":{"line":41,"column":54}},"11":{"start":{"line":43,"column":8},"end":{"line":43,"column":60}},"12":{"start":{"line":45,"column":8},"end":{"line":51,"column":9}},"13":{"start":{"line":46,"column":12},"end":{"line":46,"column":66}},"14":{"start":{"line":48,"column":12},"end":{"line":48,"column":35}},"15":{"start":{"line":49,"column":12},"end":{"line":49,"column":49}},"16":{"start":{"line":50,"column":12},"end":{"line":50,"column":43}}},"branchMap":{"1":{"line":25,"type":"binary-expr","locations":[{"start":{"line":25,"column":23},"end":{"line":25,"column":62}},{"start":{"line":26,"column":20},"end":{"line":26,"column":70}},{"start":{"line":27,"column":20},"end":{"line":27,"column":71}},{"start":{"line":28,"column":20},"end":{"line":28,"column":29}}]},"2":{"line":30,"type":"binary-expr","locations":[{"start":{"line":30,"column":23},"end":{"line":30,"column":37}},{"start":{"line":31,"column":20},"end":{"line":31,"column":61}},{"start":{"line":32,"column":20},"end":{"line":32,"column":70}},{"start":{"line":33,"column":20},"end":{"line":33,"column":26}}]},"3":{"line":37,"type":"cond-expr","locations":[{"start":{"line":38,"column":14},"end":{"line":38,"column":20}},{"start":{"line":39,"column":14},"end":{"line":39,"column":20}}]},"4":{"line":41,"type":"binary-expr","locations":[{"start":{"line":41,"column":16},"end":{"line":41,"column":44}},{"start":{"line":41,"column":48},"end":{"line":41,"column":53}}]},"5":{"line":45,"type":"if","locations":[{"start":{"line":45,"column":8},"end":{"line":45,"column":8}},{"start":{"line":45,"column":8},"end":{"line":45,"column":8}}]}},"code":["/* istanbul instrument in package npmtest_readable_stream */","/*jslint","    bitwise: true,","    browser: true,","    maxerr: 8,","    maxlen: 96,","    node: true,","    nomen: true,","    regexp: true,","    stupid: true","*/","(function () {","    'use strict';","    var local;","","","","    // run shared js-env code - pre-init","    (function () {","        // init local","        local = {};","        // init modeJs","        local.modeJs = (function () {","            try {","                return typeof navigator.userAgent === 'string' &&","                    typeof document.querySelector('body') === 'object' &&","                    typeof XMLHttpRequest.prototype.open === 'function' &&","                    'browser';","            } catch (errorCaughtBrowser) {","                return module.exports &&","                    typeof process.versions.node === 'string' &&","                    typeof require('http').createServer === 'function' &&","                    'node';","            }","        }());","        // init global","        local.global = local.modeJs === 'browser'","            ? window","            : global;","        // init utility2_rollup","        local = local.global.utility2_rollup || local;","        // init lib","        local.local = local.npmtest_readable_stream = local;","        // init exports","        if (local.modeJs === 'browser') {","            local.global.utility2_npmtest_readable_stream = local;","        } else {","            module.exports = local;","            module.exports.__dirname = __dirname;","            module.exports.module = module;","        }","    }());","}());",""],"l":{"12":2,"14":2,"19":2,"21":2,"23":2,"24":2,"25":2,"30":1,"37":2,"41":2,"43":2,"45":2,"46":1,"48":1,"49":1,"50":1}},"/home/travis/build/npmtest/node-npmtest-readable-stream/example.js":{"path":"/home/travis/build/npmtest/node-npmtest-readable-stream/example.js","s":{"1":2,"2":2,"3":2,"4":2,"5":2,"6":2,"7":2,"8":1,"9":2,"10":2,"11":2,"12":2,"13":1,"14":2,"15":2,"16":2,"17":2,"18":2,"19":0,"20":2,"21":1,"22":1,"23":1,"24":1,"25":1,"26":0,"27":0,"28":1,"29":1,"30":2,"31":0,"32":0,"33":0,"34":1,"35":2,"36":2,"37":3,"38":3,"39":3,"40":3,"41":0,"42":3,"43":3,"44":3,"45":1,"46":3,"47":1,"48":1,"49":1,"50":1,"51":1,"52":1,"53":1,"54":1,"55":1,"56":1,"57":0,"58":1,"59":6,"60":6,"61":1,"62":2,"63":0,"64":2,"65":1,"66":1,"67":0,"68":0,"69":0,"70":0,"71":0,"72":0,"73":0,"74":0,"75":0,"76":0,"77":0,"78":0,"79":0,"80":0,"81":0,"82":0,"83":0},"b":{"1":[2,1,1,1],"2":[1,1,1,1],"3":[1,1],"4":[2,2],"5":[1,1],"6":[1,1],"7":[2,0],"8":[2,1,1,1,1,1],"9":[0,2,0],"10":[1,1],"11":[2,1,1],"12":[1,0],"13":[0,2],"14":[2,0,0,0,0,0,0],"15":[0,3],"16":[3,0],"17":[1,1],"18":[0,1],"19":[1,2,0,2],"20":[1,0],"21":[1,1],"22":[0,0],"23":[0,0],"24":[0,0],"25":[0,0],"26":[0,0],"27":[0,0],"28":[0,0]},"f":{"1":2,"2":2,"3":2,"4":2,"5":2,"6":2,"7":3,"8":3,"9":3,"10":1,"11":6,"12":0},"fnMap":{"1":{"name":"(anonymous_1)","line":26,"loc":{"start":{"line":26,"column":1},"end":{"line":26,"column":13}}},"2":{"name":"(anonymous_2)","line":33,"loc":{"start":{"line":33,"column":5},"end":{"line":33,"column":17}}},"3":{"name":"(anonymous_3)","line":37,"loc":{"start":{"line":37,"column":24},"end":{"line":37,"column":36}}},"4":{"name":"(anonymous_4)","line":69,"loc":{"start":{"line":69,"column":31},"end":{"line":69,"column":48}},"skip":true},"5":{"name":"(anonymous_5)","line":78,"loc":{"start":{"line":78,"column":26},"end":{"line":78,"column":45}},"skip":true},"6":{"name":"(anonymous_6)","line":123,"loc":{"start":{"line":123,"column":33},"end":{"line":123,"column":48}},"skip":true},"7":{"name":"(anonymous_7)","line":125,"loc":{"start":{"line":125,"column":27},"end":{"line":125,"column":39}},"skip":true},"8":{"name":"(anonymous_8)","line":133,"loc":{"start":{"line":133,"column":59},"end":{"line":133,"column":74}},"skip":true},"9":{"name":"(anonymous_9)","line":143,"loc":{"start":{"line":143,"column":45},"end":{"line":143,"column":62}},"skip":true},"10":{"name":"(anonymous_10)","line":144,"loc":{"start":{"line":144,"column":73},"end":{"line":144,"column":92}},"skip":true},"11":{"name":"(anonymous_11)","line":272,"loc":{"start":{"line":272,"column":51},"end":{"line":272,"column":77}},"skip":true},"12":{"name":"(anonymous_12)","line":315,"loc":{"start":{"line":315,"column":32},"end":{"line":315,"column":61}},"skip":true}},"statementMap":{"1":{"start":{"line":26,"column":0},"end":{"line":326,"column":5}},"2":{"start":{"line":28,"column":4},"end":{"line":28,"column":14}},"3":{"start":{"line":33,"column":4},"end":{"line":60,"column":9}},"4":{"start":{"line":35,"column":8},"end":{"line":35,"column":19}},"5":{"start":{"line":37,"column":8},"end":{"line":49,"column":13}},"6":{"start":{"line":38,"column":12},"end":{"line":48,"column":13}},"7":{"start":{"line":39,"column":16},"end":{"line":42,"column":30}},"8":{"start":{"line":44,"column":16},"end":{"line":47,"column":27}},"9":{"start":{"line":51,"column":8},"end":{"line":53,"column":21}},"10":{"start":{"line":55,"column":8},"end":{"line":57,"column":45}},"11":{"start":{"line":59,"column":8},"end":{"line":59,"column":35}},"12":{"start":{"line":61,"column":4},"end":{"line":325,"column":5}},"13":{"start":{"line":69,"column":8},"end":{"line":121,"column":10},"skip":true},"14":{"start":{"line":70,"column":12},"end":{"line":88,"column":13},"skip":true},"15":{"start":{"line":76,"column":16},"end":{"line":87,"column":19},"skip":true},"16":{"start":{"line":79,"column":20},"end":{"line":86,"column":21},"skip":true},"17":{"start":{"line":82,"column":24},"end":{"line":82,"column":43},"skip":true},"18":{"start":{"line":83,"column":24},"end":{"line":83,"column":30},"skip":true},"19":{"start":{"line":85,"column":24},"end":{"line":85,"column":49},"skip":true},"20":{"start":{"line":89,"column":12},"end":{"line":107,"column":13},"skip":true},"21":{"start":{"line":92,"column":16},"end":{"line":102,"column":17},"skip":true},"22":{"start":{"line":93,"column":20},"end":{"line":93,"column":86},"skip":true},"23":{"start":{"line":94,"column":20},"end":{"line":95,"column":45},"skip":true},"24":{"start":{"line":96,"column":20},"end":{"line":96,"column":42},"skip":true},"25":{"start":{"line":97,"column":20},"end":{"line":97,"column":48},"skip":true},"26":{"start":{"line":100,"column":20},"end":{"line":100,"column":85},"skip":true},"27":{"start":{"line":101,"column":20},"end":{"line":101,"column":96},"skip":true},"28":{"start":{"line":103,"column":16},"end":{"line":103,"column":22},"skip":true},"29":{"start":{"line":106,"column":16},"end":{"line":106,"column":22},"skip":true},"30":{"start":{"line":108,"column":12},"end":{"line":120,"column":13},"skip":true},"31":{"start":{"line":114,"column":16},"end":{"line":119,"column":17},"skip":true},"32":{"start":{"line":116,"column":20},"end":{"line":116,"column":78},"skip":true},"33":{"start":{"line":118,"column":20},"end":{"line":118,"column":47},"skip":true},"34":{"start":{"line":123,"column":8},"end":{"line":141,"column":11},"skip":true},"35":{"start":{"line":124,"column":12},"end":{"line":124,"column":54},"skip":true},"36":{"start":{"line":125,"column":12},"end":{"line":140,"column":14},"skip":true},"37":{"start":{"line":126,"column":16},"end":{"line":126,"column":28},"skip":true},"38":{"start":{"line":127,"column":16},"end":{"line":127,"column":69},"skip":true},"39":{"start":{"line":128,"column":16},"end":{"line":128,"column":75},"skip":true},"40":{"start":{"line":129,"column":16},"end":{"line":131,"column":17},"skip":true},"41":{"start":{"line":130,"column":20},"end":{"line":130,"column":27},"skip":true},"42":{"start":{"line":133,"column":16},"end":{"line":137,"column":36},"skip":true},"43":{"start":{"line":134,"column":20},"end":{"line":136,"column":55},"skip":true},"44":{"start":{"line":139,"column":16},"end":{"line":139,"column":57},"skip":true},"45":{"start":{"line":143,"column":8},"end":{"line":147,"column":11},"skip":true},"46":{"start":{"line":144,"column":12},"end":{"line":146,"column":15},"skip":true},"47":{"start":{"line":145,"column":16},"end":{"line":145,"column":70},"skip":true},"48":{"start":{"line":149,"column":8},"end":{"line":149,"column":31},"skip":true},"49":{"start":{"line":150,"column":8},"end":{"line":150,"column":14},"skip":true},"50":{"start":{"line":158,"column":8},"end":{"line":158,"column":31},"skip":true},"51":{"start":{"line":160,"column":8},"end":{"line":160,"column":33},"skip":true},"52":{"start":{"line":161,"column":8},"end":{"line":161,"column":37},"skip":true},"53":{"start":{"line":162,"column":8},"end":{"line":162,"column":35},"skip":true},"54":{"start":{"line":164,"column":8},"end":{"line":164,"column":50},"skip":true},"55":{"start":{"line":166,"column":8},"end":{"line":256,"column":2},"skip":true},"56":{"start":{"line":258,"column":8},"end":{"line":286,"column":9},"skip":true},"57":{"start":{"line":259,"column":12},"end":{"line":269,"column":14},"skip":true},"58":{"start":{"line":271,"column":12},"end":{"line":285,"column":19},"skip":true},"59":{"start":{"line":274,"column":20},"end":{"line":274,"column":35},"skip":true},"60":{"start":{"line":275,"column":20},"end":{"line":284,"column":21},"skip":true},"61":{"start":{"line":277,"column":24},"end":{"line":277,"column":64},"skip":true},"62":{"start":{"line":279,"column":24},"end":{"line":279,"column":40},"skip":true},"63":{"start":{"line":281,"column":24},"end":{"line":281,"column":40},"skip":true},"64":{"start":{"line":283,"column":24},"end":{"line":283,"column":39},"skip":true},"65":{"start":{"line":288,"column":8},"end":{"line":290,"column":9},"skip":true},"66":{"start":{"line":289,"column":12},"end":{"line":289,"column":18},"skip":true},"67":{"start":{"line":291,"column":8},"end":{"line":293,"column":54},"skip":true},"68":{"start":{"line":296,"column":8},"end":{"line":301,"column":37},"skip":true},"69":{"start":{"line":303,"column":8},"end":{"line":303,"column":82},"skip":true},"70":{"start":{"line":306,"column":8},"end":{"line":308,"column":9},"skip":true},"71":{"start":{"line":307,"column":12},"end":{"line":307,"column":82},"skip":true},"72":{"start":{"line":310,"column":8},"end":{"line":312,"column":9},"skip":true},"73":{"start":{"line":311,"column":12},"end":{"line":311,"column":18},"skip":true},"74":{"start":{"line":313,"column":8},"end":{"line":313,"column":54},"skip":true},"75":{"start":{"line":314,"column":8},"end":{"line":314,"column":69},"skip":true},"76":{"start":{"line":315,"column":8},"end":{"line":323,"column":36},"skip":true},"77":{"start":{"line":316,"column":12},"end":{"line":316,"column":61},"skip":true},"78":{"start":{"line":317,"column":12},"end":{"line":320,"column":13},"skip":true},"79":{"start":{"line":318,"column":16},"end":{"line":318,"column":75},"skip":true},"80":{"start":{"line":319,"column":16},"end":{"line":319,"column":23},"skip":true},"81":{"start":{"line":321,"column":12},"end":{"line":321,"column":38},"skip":true},"82":{"start":{"line":322,"column":12},"end":{"line":322,"column":27},"skip":true},"83":{"start":{"line":324,"column":8},"end":{"line":324,"column":14},"skip":true}},"branchMap":{"1":{"line":39,"type":"binary-expr","locations":[{"start":{"line":39,"column":23},"end":{"line":39,"column":62}},{"start":{"line":40,"column":20},"end":{"line":40,"column":70}},{"start":{"line":41,"column":20},"end":{"line":41,"column":71}},{"start":{"line":42,"column":20},"end":{"line":42,"column":29}}]},"2":{"line":44,"type":"binary-expr","locations":[{"start":{"line":44,"column":23},"end":{"line":44,"column":37}},{"start":{"line":45,"column":20},"end":{"line":45,"column":61}},{"start":{"line":46,"column":20},"end":{"line":46,"column":70}},{"start":{"line":47,"column":20},"end":{"line":47,"column":26}}]},"3":{"line":51,"type":"cond-expr","locations":[{"start":{"line":52,"column":14},"end":{"line":52,"column":20}},{"start":{"line":53,"column":14},"end":{"line":53,"column":20}}]},"4":{"line":55,"type":"binary-expr","locations":[{"start":{"line":55,"column":16},"end":{"line":55,"column":44}},{"start":{"line":55,"column":49},"end":{"line":57,"column":43}}]},"5":{"line":55,"type":"cond-expr","locations":[{"start":{"line":56,"column":14},"end":{"line":56,"column":59}},{"start":{"line":57,"column":14},"end":{"line":57,"column":43}}]},"6":{"line":61,"type":"switch","locations":[{"start":{"line":68,"column":4},"end":{"line":150,"column":14},"skip":true},{"start":{"line":156,"column":4},"end":{"line":324,"column":14},"skip":true}]},"7":{"line":70,"type":"if","locations":[{"start":{"line":70,"column":12},"end":{"line":70,"column":12},"skip":true},{"start":{"line":70,"column":12},"end":{"line":70,"column":12},"skip":true}]},"8":{"line":70,"type":"binary-expr","locations":[{"start":{"line":70,"column":16},"end":{"line":70,"column":22},"skip":true},{"start":{"line":70,"column":27},"end":{"line":70,"column":32},"skip":true},{"start":{"line":71,"column":20},"end":{"line":71,"column":39},"skip":true},{"start":{"line":72,"column":20},"end":{"line":72,"column":49},"skip":true},{"start":{"line":73,"column":20},"end":{"line":73,"column":58},"skip":true},{"start":{"line":74,"column":20},"end":{"line":74,"column":69},"skip":true}]},"9":{"line":79,"type":"switch","locations":[{"start":{"line":80,"column":20},"end":{"line":80,"column":33},"skip":true},{"start":{"line":81,"column":20},"end":{"line":83,"column":30},"skip":true},{"start":{"line":84,"column":20},"end":{"line":85,"column":49},"skip":true}]},"10":{"line":89,"type":"switch","locations":[{"start":{"line":90,"column":12},"end":{"line":103,"column":22},"skip":true},{"start":{"line":105,"column":12},"end":{"line":106,"column":22},"skip":true}]},"11":{"line":89,"type":"binary-expr","locations":[{"start":{"line":89,"column":20},"end":{"line":89,"column":25},"skip":true},{"start":{"line":89,"column":29},"end":{"line":89,"column":48},"skip":true},{"start":{"line":89,"column":52},"end":{"line":89,"column":74},"skip":true}]},"12":{"line":92,"type":"if","locations":[{"start":{"line":92,"column":16},"end":{"line":92,"column":16},"skip":true},{"start":{"line":92,"column":16},"end":{"line":92,"column":16},"skip":true}]},"13":{"line":108,"type":"if","locations":[{"start":{"line":108,"column":12},"end":{"line":108,"column":12},"skip":true},{"start":{"line":108,"column":12},"end":{"line":108,"column":12},"skip":true}]},"14":{"line":108,"type":"binary-expr","locations":[{"start":{"line":108,"column":16},"end":{"line":108,"column":61},"skip":true},{"start":{"line":108,"column":66},"end":{"line":108,"column":72},"skip":true},{"start":{"line":108,"column":77},"end":{"line":108,"column":82},"skip":true},{"start":{"line":109,"column":20},"end":{"line":109,"column":39},"skip":true},{"start":{"line":110,"column":20},"end":{"line":110,"column":49},"skip":true},{"start":{"line":111,"column":20},"end":{"line":111,"column":58},"skip":true},{"start":{"line":112,"column":20},"end":{"line":112,"column":68},"skip":true}]},"15":{"line":129,"type":"if","locations":[{"start":{"line":129,"column":16},"end":{"line":129,"column":16},"skip":true},{"start":{"line":129,"column":16},"end":{"line":129,"column":16},"skip":true}]},"16":{"line":134,"type":"cond-expr","locations":[{"start":{"line":135,"column":26},"end":{"line":135,"column":29},"skip":true},{"start":{"line":136,"column":26},"end":{"line":136,"column":54},"skip":true}]},"17":{"line":164,"type":"binary-expr","locations":[{"start":{"line":164,"column":27},"end":{"line":164,"column":43},"skip":true},{"start":{"line":164,"column":47},"end":{"line":164,"column":49},"skip":true}]},"18":{"line":258,"type":"if","locations":[{"start":{"line":258,"column":8},"end":{"line":258,"column":8},"skip":true},{"start":{"line":258,"column":8},"end":{"line":258,"column":8},"skip":true}]},"19":{"line":275,"type":"switch","locations":[{"start":{"line":276,"column":20},"end":{"line":277,"column":64},"skip":true},{"start":{"line":278,"column":20},"end":{"line":279,"column":40},"skip":true},{"start":{"line":280,"column":20},"end":{"line":281,"column":40},"skip":true},{"start":{"line":282,"column":20},"end":{"line":283,"column":39},"skip":true}]},"20":{"line":288,"type":"if","locations":[{"start":{"line":288,"column":8},"end":{"line":288,"column":8},"skip":true},{"start":{"line":288,"column":8},"end":{"line":288,"column":8},"skip":true}]},"21":{"line":288,"type":"binary-expr","locations":[{"start":{"line":288,"column":12},"end":{"line":288,"column":40},"skip":true},{"start":{"line":288,"column":44},"end":{"line":288,"column":67},"skip":true}]},"22":{"line":292,"type":"binary-expr","locations":[{"start":{"line":292,"column":12},"end":{"line":292,"column":50},"skip":true},{"start":{"line":293,"column":12},"end":{"line":293,"column":53},"skip":true}]},"23":{"line":297,"type":"binary-expr","locations":[{"start":{"line":297,"column":12},"end":{"line":297,"column":73},"skip":true},{"start":{"line":298,"column":12},"end":{"line":301,"column":36},"skip":true}]},"24":{"line":303,"type":"binary-expr","locations":[{"start":{"line":303,"column":43},"end":{"line":303,"column":75},"skip":true},{"start":{"line":303,"column":79},"end":{"line":303,"column":81},"skip":true}]},"25":{"line":306,"type":"if","locations":[{"start":{"line":306,"column":8},"end":{"line":306,"column":8},"skip":true},{"start":{"line":306,"column":8},"end":{"line":306,"column":8},"skip":true}]},"26":{"line":310,"type":"if","locations":[{"start":{"line":310,"column":8},"end":{"line":310,"column":8},"skip":true},{"start":{"line":310,"column":8},"end":{"line":310,"column":8},"skip":true}]},"27":{"line":313,"type":"binary-expr","locations":[{"start":{"line":313,"column":27},"end":{"line":313,"column":43},"skip":true},{"start":{"line":313,"column":47},"end":{"line":313,"column":53},"skip":true}]},"28":{"line":317,"type":"if","locations":[{"start":{"line":317,"column":12},"end":{"line":317,"column":12},"skip":true},{"start":{"line":317,"column":12},"end":{"line":317,"column":12},"skip":true}]}},"code":["/*","example.js","","quickstart example","","instruction","    1. save this script as example.js","    2. run the shell command:","        $ npm install npmtest-readable-stream && PORT=8081 node example.js","    3. play with the browser-demo on http://127.0.0.1:8081","*/","","","","/* istanbul instrument in package npmtest_readable_stream */","/*jslint","    bitwise: true,","    browser: true,","    maxerr: 8,","    maxlen: 96,","    node: true,","    nomen: true,","    regexp: true,","    stupid: true","*/","(function () {","    'use strict';","    var local;","","","","    // run shared js-env code - pre-init","    (function () {","        // init local","        local = {};","        // init modeJs","        local.modeJs = (function () {","            try {","                return typeof navigator.userAgent === 'string' &&","                    typeof document.querySelector('body') === 'object' &&","                    typeof XMLHttpRequest.prototype.open === 'function' &&","                    'browser';","            } catch (errorCaughtBrowser) {","                return module.exports &&","                    typeof process.versions.node === 'string' &&","                    typeof require('http').createServer === 'function' &&","                    'node';","            }","        }());","        // init global","        local.global = local.modeJs === 'browser'","            ? window","            : global;","        // init utility2_rollup","        local = local.global.utility2_rollup || (local.modeJs === 'browser'","            ? local.global.utility2_npmtest_readable_stream","            : global.utility2_moduleExports);","        // export local","        local.global.local = local;","    }());","    switch (local.modeJs) {","","","","    // post-init","    // run browser js-env code - post-init","    /* istanbul ignore next */","    case 'browser':","        local.testRunBrowser = function (event) {","            if (!event || (event &&","                    event.currentTarget &&","                    event.currentTarget.className &&","                    event.currentTarget.className.includes &&","                    event.currentTarget.className.includes('onreset'))) {","                // reset output","                Array.from(","                    document.querySelectorAll('body > .resettable')","                ).forEach(function (element) {","                    switch (element.tagName) {","                    case 'INPUT':","                    case 'TEXTAREA':","                        element.value = '';","                        break;","                    default:","                        element.textContent = '';","                    }","                });","            }","            switch (event && event.currentTarget && event.currentTarget.id) {","            case 'testRunButton1':","                // show tests","                if (document.querySelector('#testReportDiv1').style.display === 'none') {","                    document.querySelector('#testReportDiv1').style.display = 'block';","                    document.querySelector('#testRunButton1').textContent =","                        'hide internal test';","                    local.modeTest = true;","                    local.testRunDefault(local);","                // hide tests","                } else {","                    document.querySelector('#testReportDiv1').style.display = 'none';","                    document.querySelector('#testRunButton1').textContent = 'run internal test';","                }","                break;","            // custom-case","            default:","                break;","            }","            if (document.querySelector('#inputTextareaEval1') && (!event || (event &&","                    event.currentTarget &&","                    event.currentTarget.className &&","                    event.currentTarget.className.includes &&","                    event.currentTarget.className.includes('oneval')))) {","                // try to eval input-code","                try {","                    /*jslint evil: true*/","                    eval(document.querySelector('#inputTextareaEval1').value);","                } catch (errorCaught) {","                    console.error(errorCaught);","                }","            }","        };","        // log stderr and stdout to #outputTextareaStdout1","        ['error', 'log'].forEach(function (key) {","            console[key + '_original'] = console[key];","            console[key] = function () {","                var element;","                console[key + '_original'].apply(console, arguments);","                element = document.querySelector('#outputTextareaStdout1');","                if (!element) {","                    return;","                }","                // append text to #outputTextareaStdout1","                element.value += Array.from(arguments).map(function (arg) {","                    return typeof arg === 'string'","                        ? arg","                        : JSON.stringify(arg, null, 4);","                }).join(' ') + '\\n';","                // scroll textarea to bottom","                element.scrollTop = element.scrollHeight;","            };","        });","        // init event-handling","        ['change', 'click', 'keyup'].forEach(function (event) {","            Array.from(document.querySelectorAll('.on' + event)).forEach(function (element) {","                element.addEventListener(event, local.testRunBrowser);","            });","        });","        // run tests","        local.testRunBrowser();","        break;","","","","    // run node js-env code - post-init","    /* istanbul ignore next */","    case 'node':","        // export local","        module.exports = local;","        // require modules","        local.fs = require('fs');","        local.http = require('http');","        local.url = require('url');","        // init assets","        local.assetsDict = local.assetsDict || {};","        /* jslint-ignore-begin */","        local.assetsDict['/assets.index.template.html'] = '\\","<!doctype html>\\n\\","<html lang=\"en\">\\n\\","<head>\\n\\","<meta charset=\"UTF-8\">\\n\\","<meta name=\"viewport\" content=\"width=device-width, initial-scale=1\">\\n\\","<title>{{env.npm_package_name}} (v{{env.npm_package_version}})</title>\\n\\","<style>\\n\\","/*csslint\\n\\","    box-sizing: false,\\n\\","    universal-selector: false\\n\\","*/\\n\\","* {\\n\\","    box-sizing: border-box;\\n\\","}\\n\\","body {\\n\\","    background: #dde;\\n\\","    font-family: Arial, Helvetica, sans-serif;\\n\\","    margin: 2rem;\\n\\","}\\n\\","body > * {\\n\\","    margin-bottom: 1rem;\\n\\","}\\n\\",".utility2FooterDiv {\\n\\","    margin-top: 20px;\\n\\","    text-align: center;\\n\\","}\\n\\","</style>\\n\\","<style>\\n\\","/*csslint\\n\\","*/\\n\\","textarea {\\n\\","    font-family: monospace;\\n\\","    height: 10rem;\\n\\","    width: 100%;\\n\\","}\\n\\","textarea[readonly] {\\n\\","    background: #ddd;\\n\\","}\\n\\","</style>\\n\\","</head>\\n\\","<body>\\n\\","<!-- utility2-comment\\n\\","<div id=\"ajaxProgressDiv1\" style=\"background: #d00; height: 2px; left: 0; margin: 0; padding: 0; position: fixed; top: 0; transition: background 0.5s, width 1.5s; width: 25%;\"></div>\\n\\","utility2-comment -->\\n\\","<h1>\\n\\","<!-- utility2-comment\\n\\","    <a\\n\\","        {{#if env.npm_package_homepage}}\\n\\","        href=\"{{env.npm_package_homepage}}\"\\n\\","        {{/if env.npm_package_homepage}}\\n\\","        target=\"_blank\"\\n\\","    >\\n\\","utility2-comment -->\\n\\","        {{env.npm_package_name}} (v{{env.npm_package_version}})\\n\\","<!-- utility2-comment\\n\\","    </a>\\n\\","utility2-comment -->\\n\\","</h1>\\n\\","<h3>{{env.npm_package_description}}</h3>\\n\\","<!-- utility2-comment\\n\\","<h4><a download href=\"assets.app.js\">download standalone app</a></h4>\\n\\","<button class=\"onclick onreset\" id=\"testRunButton1\">run internal test</button><br>\\n\\","<div id=\"testReportDiv1\" style=\"display: none;\"></div>\\n\\","utility2-comment -->\\n\\","\\n\\","\\n\\","\\n\\","<label>stderr and stdout</label>\\n\\","<textarea class=\"resettable\" id=\"outputTextareaStdout1\" readonly></textarea>\\n\\","<!-- utility2-comment\\n\\","{{#if isRollup}}\\n\\","<script src=\"assets.app.js\"></script>\\n\\","{{#unless isRollup}}\\n\\","utility2-comment -->\\n\\","<script src=\"assets.utility2.rollup.js\"></script>\\n\\","<script src=\"jsonp.utility2._stateInit?callback=window.utility2._stateInit\"></script>\\n\\","<script src=\"assets.npmtest_readable_stream.rollup.js\"></script>\\n\\","<script src=\"assets.example.js\"></script>\\n\\","<script src=\"assets.test.js\"></script>\\n\\","<!-- utility2-comment\\n\\","{{/if isRollup}}\\n\\","utility2-comment -->\\n\\","<div class=\"utility2FooterDiv\">\\n\\","    [ this app was created with\\n\\","    <a href=\"https://github.com/kaizhu256/node-utility2\" target=\"_blank\">utility2</a>\\n\\","    ]\\n\\","</div>\\n\\","</body>\\n\\","</html>\\n\\","';","        /* jslint-ignore-end */","        if (local.templateRender) {","            local.assetsDict['/'] = local.templateRender(","                local.assetsDict['/assets.index.template.html'],","                {","                    env: local.objectSetDefault(local.env, {","                        npm_package_description: 'the greatest app in the world!',","                        npm_package_name: 'my-app',","                        npm_package_nameAlias: 'my_app',","                        npm_package_version: '0.0.1'","                    })","                }","            );","        } else {","            local.assetsDict['/'] = local.assetsDict['/assets.index.template.html']","                .replace((/\\{\\{env\\.(\\w+?)\\}\\}/g), function (match0, match1) {","                    // jslint-hack","                    String(match0);","                    switch (match1) {","                    case 'npm_package_description':","                        return 'the greatest app in the world!';","                    case 'npm_package_name':","                        return 'my-app';","                    case 'npm_package_nameAlias':","                        return 'my_app';","                    case 'npm_package_version':","                        return '0.0.1';","                    }","                });","        }","        // run the cli","        if (local.global.utility2_rollup || module !== require.main) {","            break;","        }","        local.assetsDict['/assets.example.js'] =","            local.assetsDict['/assets.example.js'] ||","            local.fs.readFileSync(__filename, 'utf8');","        // bug-workaround - long $npm_package_buildCustomOrg","        /* jslint-ignore-begin */","        local.assetsDict['/assets.npmtest_readable_stream.rollup.js'] =","            local.assetsDict['/assets.npmtest_readable_stream.rollup.js'] ||","            local.fs.readFileSync(","                local.npmtest_readable_stream.__dirname + '/lib.npmtest_readable_stream.js',","                'utf8'","            ).replace((/^#!/), '//');","        /* jslint-ignore-end */","        local.assetsDict['/favicon.ico'] = local.assetsDict['/favicon.ico'] || '';","        // if $npm_config_timeout_exit exists,","        // then exit this process after $npm_config_timeout_exit ms","        if (Number(process.env.npm_config_timeout_exit)) {","            setTimeout(process.exit, Number(process.env.npm_config_timeout_exit));","        }","        // start server","        if (local.global.utility2_serverHttp1) {","            break;","        }","        process.env.PORT = process.env.PORT || '8081';","        console.error('server starting on port ' + process.env.PORT);","        local.http.createServer(function (request, response) {","            request.urlParsed = local.url.parse(request.url);","            if (local.assetsDict[request.urlParsed.pathname] !== undefined) {","                response.end(local.assetsDict[request.urlParsed.pathname]);","                return;","            }","            response.statusCode = 404;","            response.end();","        }).listen(process.env.PORT);","        break;","    }","}());",""],"l":{"26":2,"28":2,"33":2,"35":2,"37":2,"38":2,"39":2,"44":1,"51":2,"55":2,"59":2,"61":2,"69":1,"70":2,"76":2,"79":2,"82":2,"83":2,"85":1,"89":2,"92":1,"93":1,"94":1,"96":1,"97":1,"100":1,"101":1,"103":1,"106":1,"108":2,"114":1,"116":1,"118":1,"123":1,"124":2,"125":2,"126":3,"127":3,"128":3,"129":3,"130":1,"133":3,"134":3,"139":3,"143":1,"144":3,"145":1,"149":1,"150":1,"158":1,"160":1,"161":1,"162":1,"164":1,"166":1,"258":1,"259":1,"271":1,"274":6,"275":6,"277":1,"279":2,"281":1,"283":2,"288":1,"289":1,"291":1,"296":1,"303":1,"306":1,"307":1,"310":1,"311":1,"313":1,"314":1,"315":1,"316":1,"317":1,"318":1,"319":1,"321":1,"322":1,"324":1}},"/home/travis/build/npmtest/node-npmtest-readable-stream/node_modules/readable-stream/readable.js":{"path":"/home/travis/build/npmtest/node-npmtest-readable-stream/node_modules/readable-stream/readable.js","s":{"1":1,"2":1,"3":0,"4":0,"5":0,"6":0,"7":0,"8":0,"9":0,"10":0,"11":1,"12":1,"13":1,"14":1,"15":1,"16":1,"17":1},"b":{"1":[0,1],"2":[1,0],"3":[1,0]},"f":{},"fnMap":{},"statementMap":{"1":{"start":{"line":1,"column":0},"end":{"line":1,"column":31}},"2":{"start":{"line":2,"column":0},"end":{"line":19,"column":1}},"3":{"start":{"line":3,"column":2},"end":{"line":3,"column":26}},"4":{"start":{"line":4,"column":2},"end":{"line":4,"column":45}},"5":{"start":{"line":5,"column":2},"end":{"line":5,"column":37}},"6":{"start":{"line":6,"column":2},"end":{"line":6,"column":37}},"7":{"start":{"line":7,"column":2},"end":{"line":7,"column":33}},"8":{"start":{"line":8,"column":2},"end":{"line":8,"column":39}},"9":{"start":{"line":9,"column":2},"end":{"line":9,"column":43}},"10":{"start":{"line":10,"column":2},"end":{"line":10,"column":26}},"11":{"start":{"line":12,"column":2},"end":{"line":12,"column":66}},"12":{"start":{"line":13,"column":2},"end":{"line":13,"column":37}},"13":{"start":{"line":14,"column":2},"end":{"line":14,"column":29}},"14":{"start":{"line":15,"column":2},"end":{"line":15,"column":58}},"15":{"start":{"line":16,"column":2},"end":{"line":16,"column":54}},"16":{"start":{"line":17,"column":2},"end":{"line":17,"column":60}},"17":{"start":{"line":18,"column":2},"end":{"line":18,"column":64}}},"branchMap":{"1":{"line":2,"type":"if","locations":[{"start":{"line":2,"column":0},"end":{"line":2,"column":0}},{"start":{"line":2,"column":0},"end":{"line":2,"column":0}}]},"2":{"line":2,"type":"binary-expr","locations":[{"start":{"line":2,"column":4},"end":{"line":2,"column":45}},{"start":{"line":2,"column":49},"end":{"line":2,"column":55}}]},"3":{"line":13,"type":"binary-expr","locations":[{"start":{"line":13,"column":19},"end":{"line":13,"column":25}},{"start":{"line":13,"column":29},"end":{"line":13,"column":36}}]}},"code":["var Stream = require('stream');","if (process.env.READABLE_STREAM === 'disable' && Stream) {","  module.exports = Stream;","  exports = module.exports = Stream.Readable;","  exports.Readable = Stream.Readable;","  exports.Writable = Stream.Writable;","  exports.Duplex = Stream.Duplex;","  exports.Transform = Stream.Transform;","  exports.PassThrough = Stream.PassThrough;","  exports.Stream = Stream;","} else {","  exports = module.exports = require('./lib/_stream_readable.js');","  exports.Stream = Stream || exports;","  exports.Readable = exports;","  exports.Writable = require('./lib/_stream_writable.js');","  exports.Duplex = require('./lib/_stream_duplex.js');","  exports.Transform = require('./lib/_stream_transform.js');","  exports.PassThrough = require('./lib/_stream_passthrough.js');","}",""],"l":{"1":1,"2":1,"3":0,"4":0,"5":0,"6":0,"7":0,"8":0,"9":0,"10":0,"12":1,"13":1,"14":1,"15":1,"16":1,"17":1,"18":1}},"/home/travis/build/npmtest/node-npmtest-readable-stream/node_modules/readable-stream/lib/_stream_readable.js":{"path":"/home/travis/build/npmtest/node-npmtest-readable-stream/node_modules/readable-stream/lib/_stream_readable.js","s":{"1":1,"2":1,"3":1,"4":1,"5":1,"6":1,"7":1,"8":0,"9":1,"10":1,"11":1,"12":1,"13":1,"14":1,"15":1,"16":1,"17":1,"18":0,"19":1,"20":1,"21":1,"22":1,"23":1,"24":0,"25":0,"26":0,"27":0,"28":0,"29":0,"30":0,"31":1,"32":0,"33":0,"34":0,"35":0,"36":0,"37":0,"38":0,"39":0,"40":0,"41":0,"42":0,"43":0,"44":0,"45":0,"46":0,"47":0,"48":0,"49":0,"50":0,"51":0,"52":0,"53":0,"54":0,"55":0,"56":0,"57":0,"58":0,"59":0,"60":0,"61":0,"62":0,"63":0,"64":0,"65":1,"66":0,"67":0,"68":0,"69":0,"70":0,"71":0,"72":0,"73":0,"74":1,"75":0,"76":0,"77":0,"78":0,"79":0,"80":0,"81":0,"82":1,"83":0,"84":0,"85":1,"86":0,"87":1,"88":0,"89":0,"90":0,"91":0,"92":0,"93":0,"94":0,"95":0,"96":0,"97":0,"98":0,"99":0,"100":0,"101":0,"102":0,"103":0,"104":0,"105":0,"106":0,"107":0,"108":0,"109":0,"110":0,"111":0,"112":0,"113":0,"114":0,"115":0,"116":0,"117":0,"118":0,"119":0,"120":0,"121":1,"122":0,"123":1,"124":0,"125":0,"126":0,"127":0,"128":0,"129":1,"130":1,"131":0,"132":0,"133":0,"134":0,"135":0,"136":0,"137":0,"138":0,"139":0,"140":0,"141":1,"142":0,"143":0,"144":0,"145":0,"146":0,"147":0,"148":0,"149":0,"150":0,"151":0,"152":0,"153":0,"154":0,"155":0,"156":0,"157":0,"158":1,"159":0,"160":0,"161":0,"162":0,"163":0,"164":0,"165":0,"166":0,"167":0,"168":0,"169":0,"170":0,"171":0,"172":0,"173":0,"174":0,"175":0,"176":0,"177":0,"178":0,"179":0,"180":0,"181":0,"182":0,"183":0,"184":0,"185":0,"186":0,"187":0,"188":0,"189":0,"190":0,"191":0,"192":0,"193":0,"194":0,"195":0,"196":0,"197":0,"198":0,"199":0,"200":0,"201":0,"202":0,"203":0,"204":0,"205":0,"206":0,"207":0,"208":0,"209":0,"210":1,"211":0,"212":0,"213":0,"214":0,"215":1,"216":0,"217":0,"218":0,"219":0,"220":0,"221":0,"222":0,"223":0,"224":0,"225":1,"226":0,"227":0,"228":0,"229":0,"230":0,"231":0,"232":0,"233":0,"234":1,"235":0,"236":0,"237":0,"238":1,"239":0,"240":0,"241":0,"242":1,"243":0,"244":0,"245":0,"246":0,"247":0,"248":0,"249":0,"250":0,"251":1,"252":0,"253":1,"254":0,"255":0,"256":0,"257":0,"258":0,"259":0,"260":0,"261":0,"262":0,"263":0,"264":0,"265":0,"266":0,"267":0,"268":0,"269":0,"270":0,"271":1,"272":0,"273":0,"274":0,"275":1,"276":0,"277":0,"278":0,"279":0,"280":0,"281":1,"282":0,"283":0,"284":0,"285":0,"286":0,"287":0,"288":0,"289":0,"290":0,"291":0,"292":0,"293":0,"294":0,"295":0,"296":1,"297":0,"298":0,"299":0,"300":0,"301":0,"302":0,"303":0,"304":0,"305":0,"306":1,"307":0,"308":0,"309":0,"310":0,"311":0,"312":0,"313":1,"314":0,"315":0,"316":0,"317":1,"318":0,"319":0,"320":0,"321":0,"322":1,"323":0,"324":0,"325":0,"326":0,"327":0,"328":0,"329":0,"330":1,"331":0,"332":0,"333":0,"334":0,"335":0,"336":0,"337":0,"338":0,"339":1,"340":0,"341":0,"342":0,"343":0,"344":0,"345":0,"346":0,"347":0,"348":0,"349":0,"350":0,"351":0,"352":0,"353":0,"354":0,"355":0,"356":0,"357":0,"358":0,"359":0,"360":0,"361":0,"362":0,"363":0,"364":0,"365":0,"366":0,"367":0,"368":0,"369":0,"370":0,"371":0,"372":1,"373":0,"374":0,"375":0,"376":0,"377":0,"378":0,"379":0,"380":0,"381":0,"382":0,"383":0,"384":0,"385":0,"386":0,"387":1,"388":1,"389":0,"390":0,"391":1,"392":0,"393":0,"394":0,"395":0,"396":0,"397":0,"398":1,"399":0,"400":0,"401":0,"402":1,"403":0,"404":0,"405":0,"406":0,"407":0,"408":0,"409":0,"410":0,"411":0,"412":1,"413":0,"414":0,"415":0,"416":0,"417":0,"418":0,"419":1,"420":0,"421":0,"422":0,"423":1,"424":0,"425":0,"426":0,"427":0,"428":0,"429":0,"430":0,"431":0,"432":0,"433":0,"434":0,"435":0,"436":0,"437":0,"438":0,"439":0,"440":0,"441":0,"442":0,"443":0,"444":0,"445":0,"446":0,"447":0,"448":0,"449":0,"450":0,"451":0,"452":0,"453":0,"454":0,"455":0,"456":0,"457":0,"458":0,"459":1,"460":1,"461":0,"462":0,"463":0,"464":0,"465":0,"466":0,"467":0,"468":0,"469":0,"470":0,"471":0,"472":0,"473":0,"474":0,"475":1,"476":0,"477":0,"478":0,"479":0,"480":0,"481":0,"482":0,"483":0,"484":1,"485":0,"486":0,"487":0,"488":0,"489":0,"490":0,"491":0,"492":0,"493":0,"494":0,"495":0,"496":0,"497":0,"498":0,"499":0,"500":0,"501":0,"502":0,"503":0,"504":0,"505":0,"506":0,"507":0,"508":1,"509":0,"510":0,"511":0,"512":0,"513":0,"514":0,"515":0,"516":0,"517":0,"518":0,"519":0,"520":0,"521":0,"522":0,"523":0,"524":0,"525":0,"526":0,"527":0,"528":0,"529":0,"530":0,"531":1,"532":0,"533":0,"534":0,"535":0,"536":0,"537":0,"538":1,"539":0,"540":0,"541":0,"542":0,"543":1,"544":0,"545":0,"546":1,"547":0,"548":0,"549":0,"550":0},"b":{"1":[1,0],"2":[1,1],"3":[0,0],"4":[0,0],"5":[0,0],"6":[0,0],"7":[0,0],"8":[0,0],"9":[0,0],"10":[0,0],"11":[0,0],"12":[0,0],"13":[0,0],"14":[0,0],"15":[0,0],"16":[0,0],"17":[0,0],"18":[0,0],"19":[0,0],"20":[0,0],"21":[0,0],"22":[0,0],"23":[0,0],"24":[0,0],"25":[0,0],"26":[0,0],"27":[0,0],"28":[0,0,0],"29":[0,0],"30":[0,0],"31":[0,0],"32":[0,0],"33":[0,0],"34":[0,0,0],"35":[0,0],"36":[0,0],"37":[0,0],"38":[0,0],"39":[0,0,0],"40":[0,0],"41":[0,0],"42":[0,0],"43":[0,0],"44":[0,0,0,0],"45":[0,0],"46":[0,0],"47":[0,0],"48":[0,0,0],"49":[0,0],"50":[0,0],"51":[0,0],"52":[0,0],"53":[0,0],"54":[0,0],"55":[0,0],"56":[0,0],"57":[0,0],"58":[0,0,0,0],"59":[0,0],"60":[0,0],"61":[0,0],"62":[0,0],"63":[0,0],"64":[0,0],"65":[0,0],"66":[0,0],"67":[0,0],"68":[0,0],"69":[0,0],"70":[0,0],"71":[0,0],"72":[0,0],"73":[0,0],"74":[0,0],"75":[0,0],"76":[0,0],"77":[0,0],"78":[0,0],"79":[0,0,0,0,0],"80":[0,0],"81":[0,0],"82":[0,0],"83":[0,0],"84":[0,0],"85":[0,0],"86":[0,0],"87":[0,0],"88":[0,0,0,0],"89":[0,0],"90":[0,0,0],"91":[0,0,0,0],"92":[0,0],"93":[0,0],"94":[0,0],"95":[0,0],"96":[0,0,0],"97":[0,0],"98":[0,0],"99":[0,0],"100":[0,0,0,0,0],"101":[0,0],"102":[0,0],"103":[0,0],"104":[0,0],"105":[0,0],"106":[0,0],"107":[0,0],"108":[0,0],"109":[0,0],"110":[0,0],"111":[0,0],"112":[0,0],"113":[0,0],"114":[0,0],"115":[0,0],"116":[0,0],"117":[0,0],"118":[0,0],"119":[0,0],"120":[0,0],"121":[0,0],"122":[0,0],"123":[0,0],"124":[0,0],"125":[0,0],"126":[0,0],"127":[0,0],"128":[0,0],"129":[0,0],"130":[0,0],"131":[0,0],"132":[0,0],"133":[0,0],"134":[0,0],"135":[0,0,0],"136":[0,0],"137":[0,0,0],"138":[0,0],"139":[0,0],"140":[0,0],"141":[0,0],"142":[0,0],"143":[0,0],"144":[0,0],"145":[0,0],"146":[0,0],"147":[0,0],"148":[0,0],"149":[0,0],"150":[0,0],"151":[0,0],"152":[0,0],"153":[0,0],"154":[0,0],"155":[0,0],"156":[0,0],"157":[0,0],"158":[0,0],"159":[0,0],"160":[0,0],"161":[0,0],"162":[0,0],"163":[0,0],"164":[0,0]},"f":{"1":0,"2":0,"3":0,"4":0,"5":0,"6":0,"7":0,"8":0,"9":0,"10":0,"11":0,"12":0,"13":0,"14":0,"15":0,"16":0,"17":0,"18":0,"19":0,"20":0,"21":0,"22":0,"23":0,"24":0,"25":0,"26":0,"27":0,"28":0,"29":0,"30":0,"31":0,"32":0,"33":0,"34":0,"35":0,"36":0,"37":0,"38":0,"39":0,"40":0,"41":0,"42":0,"43":0,"44":0,"45":0,"46":0,"47":0,"48":0,"49":0,"50":0,"51":0,"52":0,"53":0,"54":0},"fnMap":{"1":{"name":"(anonymous_1)","line":22,"loc":{"start":{"line":22,"column":22},"end":{"line":22,"column":47}}},"2":{"name":"(anonymous_2)","line":47,"loc":{"start":{"line":47,"column":10},"end":{"line":47,"column":22}}},"3":{"name":"prependListener","line":58,"loc":{"start":{"line":58,"column":0},"end":{"line":58,"column":45}}},"4":{"name":"ReadableState","line":72,"loc":{"start":{"line":72,"column":0},"end":{"line":72,"column":40}}},"5":{"name":"Readable","line":141,"loc":{"start":{"line":141,"column":0},"end":{"line":141,"column":27}}},"6":{"name":"(anonymous_6)","line":160,"loc":{"start":{"line":160,"column":26},"end":{"line":160,"column":53}}},"7":{"name":"(anonymous_7)","line":175,"loc":{"start":{"line":175,"column":29},"end":{"line":175,"column":46}}},"8":{"name":"(anonymous_8)","line":180,"loc":{"start":{"line":180,"column":30},"end":{"line":180,"column":42}}},"9":{"name":"readableAddChunk","line":184,"loc":{"start":{"line":184,"column":0},"end":{"line":184,"column":70}}},"10":{"name":"needMoreData","line":239,"loc":{"start":{"line":239,"column":0},"end":{"line":239,"column":29}}},"11":{"name":"(anonymous_11)","line":244,"loc":{"start":{"line":244,"column":33},"end":{"line":244,"column":48}}},"12":{"name":"computeNewHighWaterMark","line":253,"loc":{"start":{"line":253,"column":0},"end":{"line":253,"column":36}}},"13":{"name":"howMuchToRead","line":272,"loc":{"start":{"line":272,"column":0},"end":{"line":272,"column":33}}},"14":{"name":"(anonymous_14)","line":291,"loc":{"start":{"line":291,"column":26},"end":{"line":291,"column":39}}},"15":{"name":"chunkInvalid","line":391,"loc":{"start":{"line":391,"column":0},"end":{"line":391,"column":36}}},"16":{"name":"onEofChunk","line":399,"loc":{"start":{"line":399,"column":0},"end":{"line":399,"column":35}}},"17":{"name":"emitReadable","line":417,"loc":{"start":{"line":417,"column":0},"end":{"line":417,"column":30}}},"18":{"name":"emitReadable_","line":427,"loc":{"start":{"line":427,"column":0},"end":{"line":427,"column":31}}},"19":{"name":"maybeReadMore","line":439,"loc":{"start":{"line":439,"column":0},"end":{"line":439,"column":38}}},"20":{"name":"maybeReadMore_","line":446,"loc":{"start":{"line":446,"column":0},"end":{"line":446,"column":39}}},"21":{"name":"(anonymous_21)","line":462,"loc":{"start":{"line":462,"column":27},"end":{"line":462,"column":40}}},"22":{"name":"(anonymous_22)","line":466,"loc":{"start":{"line":466,"column":26},"end":{"line":466,"column":52}}},"23":{"name":"onunpipe","line":490,"loc":{"start":{"line":490,"column":2},"end":{"line":490,"column":30}}},"24":{"name":"onend","line":497,"loc":{"start":{"line":497,"column":2},"end":{"line":497,"column":19}}},"25":{"name":"cleanup","line":510,"loc":{"start":{"line":510,"column":2},"end":{"line":510,"column":21}}},"26":{"name":"ondata","line":538,"loc":{"start":{"line":538,"column":2},"end":{"line":538,"column":25}}},"27":{"name":"onerror","line":558,"loc":{"start":{"line":558,"column":2},"end":{"line":558,"column":23}}},"28":{"name":"onclose","line":569,"loc":{"start":{"line":569,"column":2},"end":{"line":569,"column":21}}},"29":{"name":"onfinish","line":574,"loc":{"start":{"line":574,"column":2},"end":{"line":574,"column":22}}},"30":{"name":"unpipe","line":581,"loc":{"start":{"line":581,"column":2},"end":{"line":581,"column":20}}},"31":{"name":"pipeOnDrain","line":598,"loc":{"start":{"line":598,"column":0},"end":{"line":598,"column":26}}},"32":{"name":"(anonymous_32)","line":599,"loc":{"start":{"line":599,"column":9},"end":{"line":599,"column":21}}},"33":{"name":"(anonymous_33)","line":610,"loc":{"start":{"line":610,"column":28},"end":{"line":610,"column":44}}},"34":{"name":"(anonymous_34)","line":661,"loc":{"start":{"line":661,"column":24},"end":{"line":661,"column":42}}},"35":{"name":"nReadingNextTick","line":684,"loc":{"start":{"line":684,"column":0},"end":{"line":684,"column":32}}},"36":{"name":"(anonymous_36)","line":691,"loc":{"start":{"line":691,"column":28},"end":{"line":691,"column":40}}},"37":{"name":"resume","line":701,"loc":{"start":{"line":701,"column":0},"end":{"line":701,"column":31}}},"38":{"name":"resume_","line":708,"loc":{"start":{"line":708,"column":0},"end":{"line":708,"column":32}}},"39":{"name":"(anonymous_39)","line":721,"loc":{"start":{"line":721,"column":27},"end":{"line":721,"column":39}}},"40":{"name":"flow","line":731,"loc":{"start":{"line":731,"column":0},"end":{"line":731,"column":22}}},"41":{"name":"(anonymous_41)","line":740,"loc":{"start":{"line":740,"column":26},"end":{"line":740,"column":44}}},"42":{"name":"(anonymous_42)","line":745,"loc":{"start":{"line":745,"column":19},"end":{"line":745,"column":31}}},"43":{"name":"(anonymous_43)","line":755,"loc":{"start":{"line":755,"column":20},"end":{"line":755,"column":37}}},"44":{"name":"(anonymous_44)","line":773,"loc":{"start":{"line":773,"column":16},"end":{"line":773,"column":34}}},"45":{"name":"(anonymous_45)","line":774,"loc":{"start":{"line":774,"column":15},"end":{"line":774,"column":27}}},"46":{"name":"(anonymous_46)","line":788,"loc":{"start":{"line":788,"column":15},"end":{"line":788,"column":28}}},"47":{"name":"fromList","line":806,"loc":{"start":{"line":806,"column":0},"end":{"line":806,"column":28}}},"48":{"name":"fromListPartial","line":826,"loc":{"start":{"line":826,"column":0},"end":{"line":826,"column":46}}},"49":{"name":"copyFromBufferString","line":846,"loc":{"start":{"line":846,"column":0},"end":{"line":846,"column":39}}},"50":{"name":"copyFromBuffer","line":875,"loc":{"start":{"line":875,"column":0},"end":{"line":875,"column":33}}},"51":{"name":"endReadable","line":902,"loc":{"start":{"line":902,"column":0},"end":{"line":902,"column":29}}},"52":{"name":"endReadableNT","line":915,"loc":{"start":{"line":915,"column":0},"end":{"line":915,"column":38}}},"53":{"name":"forEach","line":924,"loc":{"start":{"line":924,"column":0},"end":{"line":924,"column":24}}},"54":{"name":"indexOf","line":930,"loc":{"start":{"line":930,"column":0},"end":{"line":930,"column":24}}}},"statementMap":{"1":{"start":{"line":3,"column":0},"end":{"line":3,"column":26}},"2":{"start":{"line":6,"column":0},"end":{"line":6,"column":54}},"3":{"start":{"line":10,"column":0},"end":{"line":10,"column":33}},"4":{"start":{"line":14,"column":0},"end":{"line":14,"column":11}},"5":{"start":{"line":17,"column":0},"end":{"line":17,"column":39}},"6":{"start":{"line":20,"column":0},"end":{"line":20,"column":40}},"7":{"start":{"line":22,"column":0},"end":{"line":24,"column":2}},"8":{"start":{"line":23,"column":2},"end":{"line":23,"column":40}},"9":{"start":{"line":28,"column":0},"end":{"line":28,"column":50}},"10":{"start":{"line":31,"column":0},"end":{"line":31,"column":38}},"11":{"start":{"line":33,"column":0},"end":{"line":33,"column":41}},"12":{"start":{"line":37,"column":0},"end":{"line":37,"column":35}},"13":{"start":{"line":38,"column":0},"end":{"line":38,"column":36}},"14":{"start":{"line":42,"column":0},"end":{"line":42,"column":32}},"15":{"start":{"line":43,"column":0},"end":{"line":43,"column":19}},"16":{"start":{"line":44,"column":0},"end":{"line":48,"column":1}},"17":{"start":{"line":45,"column":2},"end":{"line":45,"column":39}},"18":{"start":{"line":47,"column":2},"end":{"line":47,"column":25}},"19":{"start":{"line":51,"column":0},"end":{"line":51,"column":58}},"20":{"start":{"line":52,"column":0},"end":{"line":52,"column":18}},"21":{"start":{"line":54,"column":0},"end":{"line":54,"column":32}},"22":{"start":{"line":56,"column":0},"end":{"line":56,"column":68}},"23":{"start":{"line":58,"column":0},"end":{"line":70,"column":1}},"24":{"start":{"line":61,"column":2},"end":{"line":69,"column":3}},"25":{"start":{"line":62,"column":4},"end":{"line":62,"column":46}},"26":{"start":{"line":68,"column":4},"end":{"line":68,"column":211}},"27":{"start":{"line":68,"column":53},"end":{"line":68,"column":75}},"28":{"start":{"line":68,"column":80},"end":{"line":68,"column":211}},"29":{"start":{"line":68,"column":117},"end":{"line":68,"column":152}},"30":{"start":{"line":68,"column":157},"end":{"line":68,"column":211}},"31":{"start":{"line":72,"column":0},"end":{"line":139,"column":1}},"32":{"start":{"line":73,"column":2},"end":{"line":73,"column":49}},"33":{"start":{"line":75,"column":2},"end":{"line":75,"column":26}},"34":{"start":{"line":79,"column":2},"end":{"line":79,"column":41}},"35":{"start":{"line":81,"column":2},"end":{"line":81,"column":98}},"36":{"start":{"line":81,"column":32},"end":{"line":81,"column":98}},"37":{"start":{"line":85,"column":2},"end":{"line":85,"column":34}},"38":{"start":{"line":86,"column":2},"end":{"line":86,"column":52}},"39":{"start":{"line":87,"column":2},"end":{"line":87,"column":59}},"40":{"start":{"line":90,"column":2},"end":{"line":90,"column":44}},"41":{"start":{"line":95,"column":2},"end":{"line":95,"column":33}},"42":{"start":{"line":96,"column":2},"end":{"line":96,"column":18}},"43":{"start":{"line":97,"column":2},"end":{"line":97,"column":20}},"44":{"start":{"line":98,"column":2},"end":{"line":98,"column":22}},"45":{"start":{"line":99,"column":2},"end":{"line":99,"column":22}},"46":{"start":{"line":100,"column":2},"end":{"line":100,"column":21}},"47":{"start":{"line":101,"column":2},"end":{"line":101,"column":26}},"48":{"start":{"line":102,"column":2},"end":{"line":102,"column":23}},"49":{"start":{"line":108,"column":2},"end":{"line":108,"column":19}},"50":{"start":{"line":112,"column":2},"end":{"line":112,"column":28}},"51":{"start":{"line":113,"column":2},"end":{"line":113,"column":31}},"52":{"start":{"line":114,"column":2},"end":{"line":114,"column":33}},"53":{"start":{"line":115,"column":2},"end":{"line":115,"column":31}},"54":{"start":{"line":120,"column":2},"end":{"line":120,"column":59}},"55":{"start":{"line":124,"column":2},"end":{"line":124,"column":22}},"56":{"start":{"line":127,"column":2},"end":{"line":127,"column":22}},"57":{"start":{"line":130,"column":2},"end":{"line":130,"column":27}},"58":{"start":{"line":132,"column":2},"end":{"line":132,"column":22}},"59":{"start":{"line":133,"column":2},"end":{"line":133,"column":23}},"60":{"start":{"line":134,"column":2},"end":{"line":138,"column":3}},"61":{"start":{"line":135,"column":4},"end":{"line":135,"column":81}},"62":{"start":{"line":135,"column":24},"end":{"line":135,"column":81}},"63":{"start":{"line":136,"column":4},"end":{"line":136,"column":55}},"64":{"start":{"line":137,"column":4},"end":{"line":137,"column":37}},"65":{"start":{"line":141,"column":0},"end":{"line":154,"column":1}},"66":{"start":{"line":142,"column":2},"end":{"line":142,"column":49}},"67":{"start":{"line":144,"column":2},"end":{"line":144,"column":64}},"68":{"start":{"line":144,"column":35},"end":{"line":144,"column":64}},"69":{"start":{"line":146,"column":2},"end":{"line":146,"column":57}},"70":{"start":{"line":149,"column":2},"end":{"line":149,"column":23}},"71":{"start":{"line":151,"column":2},"end":{"line":151,"column":79}},"72":{"start":{"line":151,"column":53},"end":{"line":151,"column":79}},"73":{"start":{"line":153,"column":2},"end":{"line":153,"column":20}},"74":{"start":{"line":160,"column":0},"end":{"line":172,"column":2}},"75":{"start":{"line":161,"column":2},"end":{"line":161,"column":34}},"76":{"start":{"line":163,"column":2},"end":{"line":169,"column":3}},"77":{"start":{"line":164,"column":4},"end":{"line":164,"column":49}},"78":{"start":{"line":165,"column":4},"end":{"line":168,"column":5}},"79":{"start":{"line":166,"column":6},"end":{"line":166,"column":47}},"80":{"start":{"line":167,"column":6},"end":{"line":167,"column":20}},"81":{"start":{"line":171,"column":2},"end":{"line":171,"column":63}},"82":{"start":{"line":175,"column":0},"end":{"line":178,"column":2}},"83":{"start":{"line":176,"column":2},"end":{"line":176,"column":34}},"84":{"start":{"line":177,"column":2},"end":{"line":177,"column":56}},"85":{"start":{"line":180,"column":0},"end":{"line":182,"column":2}},"86":{"start":{"line":181,"column":2},"end":{"line":181,"column":47}},"87":{"start":{"line":184,"column":0},"end":{"line":230,"column":1}},"88":{"start":{"line":185,"column":2},"end":{"line":185,"column":38}},"89":{"start":{"line":186,"column":2},"end":{"line":227,"column":3}},"90":{"start":{"line":187,"column":4},"end":{"line":187,"column":29}},"91":{"start":{"line":188,"column":9},"end":{"line":227,"column":3}},"92":{"start":{"line":189,"column":4},"end":{"line":189,"column":26}},"93":{"start":{"line":190,"column":4},"end":{"line":190,"column":30}},"94":{"start":{"line":191,"column":9},"end":{"line":227,"column":3}},"95":{"start":{"line":192,"column":4},"end":{"line":224,"column":5}},"96":{"start":{"line":193,"column":6},"end":{"line":193,"column":51}},"97":{"start":{"line":194,"column":6},"end":{"line":194,"column":30}},"98":{"start":{"line":195,"column":11},"end":{"line":224,"column":5}},"99":{"start":{"line":196,"column":6},"end":{"line":196,"column":61}},"100":{"start":{"line":197,"column":6},"end":{"line":197,"column":31}},"101":{"start":{"line":199,"column":6},"end":{"line":199,"column":18}},"102":{"start":{"line":200,"column":6},"end":{"line":203,"column":7}},"103":{"start":{"line":201,"column":8},"end":{"line":201,"column":43}},"104":{"start":{"line":202,"column":8},"end":{"line":202,"column":58}},"105":{"start":{"line":205,"column":6},"end":{"line":205,"column":45}},"106":{"start":{"line":205,"column":23},"end":{"line":205,"column":45}},"107":{"start":{"line":209,"column":6},"end":{"line":221,"column":7}},"108":{"start":{"line":211,"column":8},"end":{"line":220,"column":9}},"109":{"start":{"line":212,"column":10},"end":{"line":212,"column":37}},"110":{"start":{"line":213,"column":10},"end":{"line":213,"column":25}},"111":{"start":{"line":216,"column":10},"end":{"line":216,"column":62}},"112":{"start":{"line":217,"column":10},"end":{"line":217,"column":84}},"113":{"start":{"line":217,"column":26},"end":{"line":217,"column":54}},"114":{"start":{"line":217,"column":59},"end":{"line":217,"column":84}},"115":{"start":{"line":219,"column":10},"end":{"line":219,"column":55}},"116":{"start":{"line":219,"column":34},"end":{"line":219,"column":55}},"117":{"start":{"line":223,"column":6},"end":{"line":223,"column":35}},"118":{"start":{"line":225,"column":9},"end":{"line":227,"column":3}},"119":{"start":{"line":226,"column":4},"end":{"line":226,"column":26}},"120":{"start":{"line":229,"column":2},"end":{"line":229,"column":29}},"121":{"start":{"line":239,"column":0},"end":{"line":241,"column":1}},"122":{"start":{"line":240,"column":2},"end":{"line":240,"column":106}},"123":{"start":{"line":244,"column":0},"end":{"line":249,"column":2}},"124":{"start":{"line":245,"column":2},"end":{"line":245,"column":79}},"125":{"start":{"line":245,"column":22},"end":{"line":245,"column":79}},"126":{"start":{"line":246,"column":2},"end":{"line":246,"column":55}},"127":{"start":{"line":247,"column":2},"end":{"line":247,"column":37}},"128":{"start":{"line":248,"column":2},"end":{"line":248,"column":14}},"129":{"start":{"line":252,"column":0},"end":{"line":252,"column":23}},"130":{"start":{"line":253,"column":0},"end":{"line":268,"column":1}},"131":{"start":{"line":254,"column":2},"end":{"line":266,"column":3}},"132":{"start":{"line":255,"column":4},"end":{"line":255,"column":16}},"133":{"start":{"line":259,"column":4},"end":{"line":259,"column":8}},"134":{"start":{"line":260,"column":4},"end":{"line":260,"column":17}},"135":{"start":{"line":261,"column":4},"end":{"line":261,"column":17}},"136":{"start":{"line":262,"column":4},"end":{"line":262,"column":17}},"137":{"start":{"line":263,"column":4},"end":{"line":263,"column":17}},"138":{"start":{"line":264,"column":4},"end":{"line":264,"column":18}},"139":{"start":{"line":265,"column":4},"end":{"line":265,"column":8}},"140":{"start":{"line":267,"column":2},"end":{"line":267,"column":11}},"141":{"start":{"line":272,"column":0},"end":{"line":288,"column":1}},"142":{"start":{"line":273,"column":2},"end":{"line":273,"column":60}},"143":{"start":{"line":273,"column":51},"end":{"line":273,"column":60}},"144":{"start":{"line":274,"column":2},"end":{"line":274,"column":33}},"145":{"start":{"line":274,"column":24},"end":{"line":274,"column":33}},"146":{"start":{"line":275,"column":2},"end":{"line":278,"column":3}},"147":{"start":{"line":277,"column":4},"end":{"line":277,"column":101}},"148":{"start":{"line":277,"column":39},"end":{"line":277,"column":76}},"149":{"start":{"line":277,"column":81},"end":{"line":277,"column":101}},"150":{"start":{"line":280,"column":2},"end":{"line":280,"column":80}},"151":{"start":{"line":280,"column":31},"end":{"line":280,"column":80}},"152":{"start":{"line":281,"column":2},"end":{"line":281,"column":34}},"153":{"start":{"line":281,"column":25},"end":{"line":281,"column":34}},"154":{"start":{"line":283,"column":2},"end":{"line":286,"column":3}},"155":{"start":{"line":284,"column":4},"end":{"line":284,"column":30}},"156":{"start":{"line":285,"column":4},"end":{"line":285,"column":13}},"157":{"start":{"line":287,"column":2},"end":{"line":287,"column":22}},"158":{"start":{"line":291,"column":0},"end":{"line":389,"column":2}},"159":{"start":{"line":292,"column":2},"end":{"line":292,"column":19}},"160":{"start":{"line":293,"column":2},"end":{"line":293,"column":22}},"161":{"start":{"line":294,"column":2},"end":{"line":294,"column":34}},"162":{"start":{"line":295,"column":2},"end":{"line":295,"column":16}},"163":{"start":{"line":297,"column":2},"end":{"line":297,"column":45}},"164":{"start":{"line":297,"column":15},"end":{"line":297,"column":45}},"165":{"start":{"line":302,"column":2},"end":{"line":306,"column":3}},"166":{"start":{"line":303,"column":4},"end":{"line":303,"column":59}},"167":{"start":{"line":304,"column":4},"end":{"line":304,"column":85}},"168":{"start":{"line":304,"column":43},"end":{"line":304,"column":61}},"169":{"start":{"line":304,"column":66},"end":{"line":304,"column":85}},"170":{"start":{"line":305,"column":4},"end":{"line":305,"column":16}},"171":{"start":{"line":308,"column":2},"end":{"line":308,"column":30}},"172":{"start":{"line":311,"column":2},"end":{"line":314,"column":3}},"173":{"start":{"line":312,"column":4},"end":{"line":312,"column":46}},"174":{"start":{"line":312,"column":28},"end":{"line":312,"column":46}},"175":{"start":{"line":313,"column":4},"end":{"line":313,"column":16}},"176":{"start":{"line":339,"column":2},"end":{"line":339,"column":34}},"177":{"start":{"line":340,"column":2},"end":{"line":340,"column":33}},"178":{"start":{"line":343,"column":2},"end":{"line":346,"column":3}},"179":{"start":{"line":344,"column":4},"end":{"line":344,"column":18}},"180":{"start":{"line":345,"column":4},"end":{"line":345,"column":48}},"181":{"start":{"line":350,"column":2},"end":{"line":365,"column":3}},"182":{"start":{"line":351,"column":4},"end":{"line":351,"column":19}},"183":{"start":{"line":352,"column":4},"end":{"line":352,"column":38}},"184":{"start":{"line":353,"column":9},"end":{"line":365,"column":3}},"185":{"start":{"line":354,"column":4},"end":{"line":354,"column":21}},"186":{"start":{"line":355,"column":4},"end":{"line":355,"column":25}},"187":{"start":{"line":356,"column":4},"end":{"line":356,"column":22}},"188":{"start":{"line":358,"column":4},"end":{"line":358,"column":54}},"189":{"start":{"line":358,"column":28},"end":{"line":358,"column":54}},"190":{"start":{"line":360,"column":4},"end":{"line":360,"column":36}},"191":{"start":{"line":361,"column":4},"end":{"line":361,"column":23}},"192":{"start":{"line":364,"column":4},"end":{"line":364,"column":56}},"193":{"start":{"line":364,"column":24},"end":{"line":364,"column":56}},"194":{"start":{"line":367,"column":2},"end":{"line":367,"column":10}},"195":{"start":{"line":368,"column":2},"end":{"line":368,"column":54}},"196":{"start":{"line":368,"column":13},"end":{"line":368,"column":38}},"197":{"start":{"line":368,"column":43},"end":{"line":368,"column":54}},"198":{"start":{"line":370,"column":2},"end":{"line":375,"column":3}},"199":{"start":{"line":371,"column":4},"end":{"line":371,"column":30}},"200":{"start":{"line":372,"column":4},"end":{"line":372,"column":10}},"201":{"start":{"line":374,"col
[...]
},"55":{"start":{"line":143,"column":2},"end":{"line":143,"column":24}},"56":{"start":{"line":144,"column":2},"end":{"line":144,"column":30}},"57":{"start":{"line":145,"column":2},"end":{"line":148,"column":3}},"58":{"start":{"line":146,"column":4},"end":{"line":146,"column":33}},"59":{"start":{"line":147,"column":4},"end":{"line":147,"column":106}},"60":{"start":{"line":147,"column":77},"end":{"line":147,"column":106}},"61":{"start":{"line":154,"column":0},"end":{"line":165,"column":2}},"62":{"start":{"line":155,"column":2},"end":{"line":155,"column":32}},"63":{"start":{"line":157,"column":2},"end":{"line":164,"column":3}},"64":{"start":{"line":158,"column":4},"end":{"line":158,"column":27}},"65":{"start":{"line":159,"column":4},"end":{"line":159,"column":72}},"66":{"start":{"line":163,"column":4},"end":{"line":163,"column":28}},"67":{"start":{"line":167,"column":0},"end":{"line":182,"column":1}},"68":{"start":{"line":168,"column":2},"end":{"line":168,"column":42}},"69":{"start":{"line":168,"column":10},"end":{"line":168,"column":42}},"70":{"start":{"line":170,"column":2},"end":{"line":170,"column":61}},"71":{"start":{"line":170,"column":43},"end":{"line":170,"column":61}},"72":{"start":{"line":174,"column":2},"end":{"line":174,"column":33}},"73":{"start":{"line":175,"column":2},"end":{"line":175,"column":34}},"74":{"start":{"line":177,"column":2},"end":{"line":177,"column":79}},"75":{"start":{"line":177,"column":17},"end":{"line":177,"column":79}},"76":{"start":{"line":179,"column":2},"end":{"line":179,"column":89}},"77":{"start":{"line":179,"column":23},"end":{"line":179,"column":89}},"78":{"start":{"line":181,"column":2},"end":{"line":181,"column":27}}},"branchMap":{"1":{"line":74,"type":"if","locations":[{"start":{"line":74,"column":2},"end":{"line":74,"column":2}},{"start":{"line":74,"column":2},"end":{"line":74,"column":2}}]},"2":{"line":79,"type":"if","locations":[{"start":{"line":79,"column":2},"end":{"line":79,"column":2}},{"start":{"line":79,"column":2},"end":{"line":79,"column":2}}]},"3":{"line":79,"type":"binary-expr","locations":[{"start":{"line":79,"column":6},"end":{"line":79,"column":19}},{"start":{"line":79,"column":23},"end":{"line":79,"column":41}}]},"4":{"line":85,"type":"if","locations":[{"start":{"line":85,"column":2},"end":{"line":85,"column":2}},{"start":{"line":85,"column":2},"end":{"line":85,"column":2}}]},"5":{"line":85,"type":"binary-expr","locations":[{"start":{"line":85,"column":6},"end":{"line":85,"column":21}},{"start":{"line":85,"column":25},"end":{"line":85,"column":53}}]},"6":{"line":91,"type":"if","locations":[{"start":{"line":91,"column":2},"end":{"line":91,"column":2}},{"start":{"line":91,"column":2},"end":{"line":91,"column":2}}]},"7":{"line":107,"type":"if","locations":[{"start":{"line":107,"column":2},"end":{"line":107,"column":2}},{"start":{"line":107,"column":2},"end":{"line":107,"column":2}}]},"8":{"line":108,"type":"if","locations":[{"start":{"line":108,"column":4},"end":{"line":108,"column":4}},{"start":{"line":108,"column":4},"end":{"line":108,"column":4}}]},"9":{"line":110,"type":"if","locations":[{"start":{"line":110,"column":4},"end":{"line":110,"column":4}},{"start":{"line":110,"column":4},"end":{"line":110,"column":4}}]},"10":{"line":115,"type":"if","locations":[{"start":{"line":115,"column":4},"end":{"line":115,"column":4}},{"start":{"line":115,"column":4},"end":{"line":115,"column":4}}]},"11":{"line":145,"type":"if","locations":[{"start":{"line":145,"column":2},"end":{"line":145,"column":2}},{"start":{"line":145,"column":2},"end":{"line":145,"column":2}}]},"12":{"line":147,"type":"if","locations":[{"start":{"line":147,"column":4},"end":{"line":147,"column":4}},{"start":{"line":147,"column":4},"end":{"line":147,"column":4}}]},"13":{"line":147,"type":"binary-expr","locations":[{"start":{"line":147,"column":8},"end":{"line":147,"column":24}},{"start":{"line":147,"column":28},"end":{"line":147,"column":43}},{"start":{"line":147,"column":47},"end":{"line":147,"column":75}}]},"14":{"line":157,"type":"if","locations":[{"start":{"line":157,"column":2},"end":{"line":157,"column":2}},{"start":{"line":157,"column":2},"end":{"line":157,"column":2}}]},"15":{"line":157,"type":"binary-expr","locations":[{"start":{"line":157,"column":6},"end":{"line":157,"column":28}},{"start":{"line":157,"column":32},"end":{"line":157,"column":42}},{"start":{"line":157,"column":46},"end":{"line":157,"column":62}}]},"16":{"line":168,"type":"if","locations":[{"start":{"line":168,"column":2},"end":{"line":168,"column":2}},{"start":{"line":168,"column":2},"end":{"line":168,"column":2}}]},"17":{"line":170,"type":"if","locations":[{"start":{"line":170,"column":2},"end":{"line":170,"column":2}},{"start":{"line":170,"column":2},"end":{"line":170,"column":2}}]},"18":{"line":170,"type":"binary-expr","locations":[{"start":{"line":170,"column":6},"end":{"line":170,"column":19}},{"start":{"line":170,"column":23},"end":{"line":170,"column":41}}]},"19":{"line":177,"type":"if","locations":[{"start":{"line":177,"column":2},"end":{"line":177,"column":2}},{"start":{"line":177,"column":2},"end":{"line":177,"column":2}}]},"20":{"line":179,"type":"if","locations":[{"start":{"line":179,"column":2},"end":{"line":179,"column":2}},{"start":{"line":179,"column":2},"end":{"line":179,"column":2}}]}},"code":["// a transform stream is a readable/writable stream where you do","// something with the data.  Sometimes it's called a \"filter\",","// but that's not a great name for it, since that implies a thing where","// some bits pass through, and others are simply ignored.  (That would","// be a valid example of a transform, of course.)","//","// While the output is causally related to the input, it's not a","// necessarily symmetric or synchronous transformation.  For example,","// a zlib stream might take multiple plain-text writes(), and then","// emit a single compressed chunk some time in the future.","//","// Here's how this works:","//","// The Transform stream has all the aspects of the readable and writable","// stream classes.  When you write(chunk), that calls _write(chunk,cb)","// internally, and returns false if there's a lot of pending writes","// buffered up.  When you call read(), that calls _read(n) until","// there's enough pending readable data buffered up.","//","// In a transform stream, the written data is placed in a buffer.  When","// _read(n) is called, it transforms the queued up data, calling the","// buffered _write cb's as it consumes chunks.  If consuming a single","// written chunk would result in multiple output chunks, then the first","// outputted bit calls the readcb, and subsequent chunks just go into","// the read buffer, and will cause it to emit 'readable' if necessary.","//","// This way, back-pressure is actually determined by the reading side,","// since _read has to be called to start processing a new chunk.  However,","// a pathological inflate type of transform can cause excessive buffering","// here.  For example, imagine a stream where every byte of input is","// interpreted as an integer from 0-255, and then results in that many","// bytes of output.  Writing the 4 bytes {ff,ff,ff,ff} would result in","// 1kb of data being output.  In this case, you could write a very small","// amount of input, and end up with a very large amount of output.  In","// such a pathological inflating mechanism, there'd be no way to tell","// the system to stop doing the transform.  A single 4MB write could","// cause the system to run out of memory.","//","// However, even in such a pathological case, only a single written chunk","// would be consumed, and then the rest would wait (un-transformed) until","// the results of the previous transformed chunk were consumed.","","'use strict';","","module.exports = Transform;","","var Duplex = require('./_stream_duplex');","","/*<replacement>*/","var util = require('core-util-is');","util.inherits = require('inherits');","/*</replacement>*/","","util.inherits(Transform, Duplex);","","function TransformState(stream) {","  this.afterTransform = function (er, data) {","    return afterTransform(stream, er, data);","  };","","  this.needTransform = false;","  this.transforming = false;","  this.writecb = null;","  this.writechunk = null;","  this.writeencoding = null;","}","","function afterTransform(stream, er, data) {","  var ts = stream._transformState;","  ts.transforming = false;","","  var cb = ts.writecb;","","  if (!cb) return stream.emit('error', new Error('no writecb in Transform class'));","","  ts.writechunk = null;","  ts.writecb = null;","","  if (data !== null && data !== undefined) stream.push(data);","","  cb(er);","","  var rs = stream._readableState;","  rs.reading = false;","  if (rs.needReadable || rs.length < rs.highWaterMark) {","    stream._read(rs.highWaterMark);","  }","}","","function Transform(options) {","  if (!(this instanceof Transform)) return new Transform(options);","","  Duplex.call(this, options);","","  this._transformState = new TransformState(this);","","  var stream = this;","","  // start out asking for a readable event once data is transformed.","  this._readableState.needReadable = true;","","  // we have implemented the _read method, and done the other things","  // that Readable wants before the first _read call, so unset the","  // sync guard flag.","  this._readableState.sync = false;","","  if (options) {","    if (typeof options.transform === 'function') this._transform = options.transform;","","    if (typeof options.flush === 'function') this._flush = options.flush;","  }","","  // When the writable side finishes, then flush out anything remaining.","  this.once('prefinish', function () {","    if (typeof this._flush === 'function') this._flush(function (er, data) {","      done(stream, er, data);","    });else done(stream);","  });","}","","Transform.prototype.push = function (chunk, encoding) {","  this._transformState.needTransform = false;","  return Duplex.prototype.push.call(this, chunk, encoding);","};","","// This is the part where you do stuff!","// override this function in implementation classes.","// 'chunk' is an input chunk.","//","// Call `push(newChunk)` to pass along transformed output","// to the readable side.  You may call 'push' zero or more times.","//","// Call `cb(err)` when you are done with this chunk.  If you pass","// an error, then that'll put the hurt on the whole operation.  If you","// never call cb(), then you'll never get another chunk.","Transform.prototype._transform = function (chunk, encoding, cb) {","  throw new Error('_transform() is not implemented');","};","","Transform.prototype._write = function (chunk, encoding, cb) {","  var ts = this._transformState;","  ts.writecb = cb;","  ts.writechunk = chunk;","  ts.writeencoding = encoding;","  if (!ts.transforming) {","    var rs = this._readableState;","    if (ts.needTransform || rs.needReadable || rs.length < rs.highWaterMark) this._read(rs.highWaterMark);","  }","};","","// Doesn't matter what the args are here.","// _transform does all the work.","// That we got here means that the readable side wants more data.","Transform.prototype._read = function (n) {","  var ts = this._transformState;","","  if (ts.writechunk !== null && ts.writecb && !ts.transforming) {","    ts.transforming = true;","    this._transform(ts.writechunk, ts.writeencoding, ts.afterTransform);","  } else {","    // mark that we need a transform, so that any data that comes in","    // will get processed, now that we've asked for it.","    ts.needTransform = true;","  }","};","","function done(stream, er, data) {","  if (er) return stream.emit('error', er);","","  if (data !== null && data !== undefined) stream.push(data);","","  // if there's nothing in the write buffer, then that means","  // that nothing more will ever be provided","  var ws = stream._writableState;","  var ts = stream._transformState;","","  if (ws.length) throw new Error('Calling transform done when ws.length != 0');","","  if (ts.transforming) throw new Error('Calling transform done when still transforming');","","  return stream.push(null);","}"],"l":{"45":1,"47":1,"50":1,"51":1,"54":1,"56":1,"57":0,"58":0,"61":0,"62":0,"63":0,"64":0,"65":0,"68":1,"69":0,"70":0,"72":0,"74":0,"76":0,"77":0,"79":0,"81":0,"83":0,"84":0,"85":0,"86":0,"90":1,"91":0,"93":0,"95":0,"97":0,"100":0,"105":0,"107":0,"108":0,"110":0,"114":0,"115":0,"116":0,"117":0,"121":1,"122":0,"123":0,"136":1,"137":0,"140":1,"141":0,"142":0,"143":0,"144":0,"145":0,"146":0,"147":0,"154":1,"155":0,"157":0,"158":0,"159":0,"163":0,"167":1,"168":0,"170":0,"174":0,"175":0,"177":0,"179":0,"181":0}},"/home/travis/build/npmtest/node-npmtest-readable-stream/node_modules/readable-stream/lib/_stream_passthrough.js":{"path":"/home/travis/build/npmtest/node-npmtest-readable-stream/node_modules/readable-stream/lib/_stream_passthrough.js","s":{"1":1,"2":1,"3":1,"4":1,"5":1,"6":1,"7":0,"8":0,"9":0,"10":1,"11":0},"b":{"1":[0,0]},"f":{"1":0,"2":0},"fnMap":{"1":{"name":"PassThrough","line":18,"loc":{"start":{"line":18,"column":0},"end":{"line":18,"column":30}}},"2":{"name":"(anonymous_2)","line":24,"loc":{"start":{"line":24,"column":35},"end":{"line":24,"column":66}}}},"statementMap":{"1":{"start":{"line":7,"column":0},"end":{"line":7,"column":29}},"2":{"start":{"line":9,"column":0},"end":{"line":9,"column":47}},"3":{"start":{"line":12,"column":0},"end":{"line":12,"column":35}},"4":{"start":{"line":13,"column":0},"end":{"line":13,"column":36}},"5":{"start":{"line":16,"column":0},"end":{"line":16,"column":38}},"6":{"start":{"line":18,"column":0},"end":{"line":22,"column":1}},"7":{"start":{"line":19,"column":2},"end":{"line":19,"column":70}},"8":{"start":{"line":19,"column":38},"end":{"line":19,"column":70}},"9":{"start":{"line":21,"column":2},"end":{"line":21,"column":32}},"10":{"start":{"line":24,"column":0},"end":{"line":26,"column":2}},"11":{"start":{"line":25,"column":2},"end":{"line":25,"column":18}}},"branchMap":{"1":{"line":19,"type":"if","locations":[{"start":{"line":19,"column":2},"end":{"line":19,"column":2}},{"start":{"line":19,"column":2},"end":{"line":19,"column":2}}]}},"code":["// a passthrough stream.","// basically just the most minimal sort of Transform stream.","// Every written chunk gets output as-is.","","'use strict';","","module.exports = PassThrough;","","var Transform = require('./_stream_transform');","","/*<replacement>*/","var util = require('core-util-is');","util.inherits = require('inherits');","/*</replacement>*/","","util.inherits(PassThrough, Transform);","","function PassThrough(options) {","  if (!(this instanceof PassThrough)) return new PassThrough(options);","","  Transform.call(this, options);","}","","PassThrough.prototype._transform = function (chunk, encoding, cb) {","  cb(null, chunk);","};"],"l":{"7":1,"9":1,"12":1,"13":1,"16":1,"18":1,"19":0,"21":0,"24":1,"25":0}},"/home/travis/build/npmtest/node-npmtest-readable-stream/node_modules/readable-stream/duplex-browser.js":{"path":"/home/travis/build/npmtest/node-npmtest-readable-stream/node_modules/readable-stream/duplex-browser.js","s":{"1":1},"b":{},"f":{},"fnMap":{},"statementMap":{"1":{"start":{"line":1,"column":0},"end":{"line":1,"column":52}}},"branchMap":{},"code":["module.exports = require('./lib/_stream_duplex.js');",""],"l":{"1":1}},"/home/travis/build/npmtest/node-npmtest-readable-stream/node_modules/readable-stream/duplex.js":{"path":"/home/travis/build/npmtest/node-npmtest-readable-stream/node_modules/readable-stream/duplex.js","s":{"1":1},"b":{},"f":{},"fnMap":{},"statementMap":{"1":{"start":{"line":1,"column":0},"end":{"line":1,"column":45}}},"branchMap":{},"code":["module.exports = require('./readable').Duplex",""],"l":{"1":1}},"/home/travis/build/npmtest/node-npmtest-readable-stream/node_modules/readable-stream/passthrough.js":{"path":"/home/travis/build/npmtest/node-npmtest-readable-stream/node_modules/readable-stream/passthrough.js","s":{"1":1},"b":{},"f":{},"fnMap":{},"statementMap":{"1":{"start":{"line":1,"column":0},"end":{"line":1,"column":50}}},"branchMap":{},"code":["module.exports = require('./readable').PassThrough",""],"l":{"1":1}},"/home/travis/build/npmtest/node-npmtest-readable-stream/node_modules/readable-stream/readable-browser.js":{"path":"/home/travis/build/npmtest/node-npmtest-readable-stream/node_modules/readable-stream/readable-browser.js","s":{"1":1,"2":1,"3":1,"4":1,"5":1,"6":1,"7":1},"b":{},"f":{},"fnMap":{},"statementMap":{"1":{"start":{"line":1,"column":0},"end":{"line":1,"column":64}},"2":{"start":{"line":2,"column":0},"end":{"line":2,"column":25}},"3":{"start":{"line":3,"column":0},"end":{"line":3,"column":27}},"4":{"start":{"line":4,"column":0},"end":{"line":4,"column":56}},"5":{"start":{"line":5,"column":0},"end":{"line":5,"column":52}},"6":{"start":{"line":6,"column":0},"end":{"line":6,"column":58}},"7":{"start":{"line":7,"column":0},"end":{"line":7,"column":62}}},"branchMap":{},"code":["exports = module.exports = require('./lib/_stream_readable.js');","exports.Stream = exports;","exports.Readable = exports;","exports.Writable = require('./lib/_stream_writable.js');","exports.Duplex = require('./lib/_stream_duplex.js');","exports.Transform = require('./lib/_stream_transform.js');","exports.PassThrough = require('./lib/_stream_passthrough.js');",""],"l":{"1":1,"2":1,"3":1,"4":1,"5":1,"6":1,"7":1}},"/home/travis/build/npmtest/node-npmtest-readable-stream/node_modules/readable-stream/transform.js":{"path":"/home/travis/build/npmtest/node-npmtest-readable-stream/node_modules/readable-stream/transform.js","s":{"1":1},"b":{},"f":{},"fnMap":{},"statementMap":{"1":{"start":{"line":1,"column":0},"end":{"line":1,"column":48}}},"branchMap":{},"code":["module.exports = require('./readable').Transform",""],"l":{"1":1}},"/home/travis/build/npmtest/node-npmtest-readable-stream/node_modules/readable-stream/writable-browser.js":{"path":"/home/travis/build/npmtest/node-npmtest-readable-stream/node_modules/readable-stream/writable-browser.js","s":{"1":1},"b":{},"f":{},"fnMap":{},"statementMap":{"1":{"start":{"line":1,"column":0},"end":{"line":1,"column":54}}},"branchMap":{},"code":["module.exports = require('./lib/_stream_writable.js');",""],"l":{"1":1}},"/home/travis/build/npmtest/node-npmtest-readable-stream/node_modules/readable-stream/writable.js":{"path":"/home/travis/build/npmtest/node-npmtest-readable-stream/node_modules/readable-stream/writable.js","s":{"1":1,"2":1,"3":1,"4":0,"5":1},"b":{"1":[0,1],"2":[0,0,0]},"f":{},"fnMap":{},"statementMap":{"1":{"start":{"line":1,"column":0},"end":{"line":1,"column":30}},"2":{"start":{"line":2,"column":0},"end":{"line":2,"column":51}},"3":{"start":{"line":4,"column":0},"end":{"line":6,"column":1}},"4":{"start":{"line":5,"column":2},"end":{"line":5,"column":56}},"5":{"start":{"line":8,"column":0},"end":{"line":8,"column":25}}},"branchMap":{"1":{"line":4,"type":"if","locations":[{"start":{"line":4,"column":0},"end":{"line":4,"column":0}},{"start":{"line":4,"column":0},"end":{"line":4,"column":0}}]},"2":{"line":5,"type":"binary-expr","locations":[{"start":{"line":5,"column":19},"end":{"line":5,"column":25}},{"start":{"line":5,"column":29},"end":{"line":5,"column":44}},{"start":{"line":5,"column":48},"end":{"line":5,"column":56}}]}},"code":["var Stream = require(\"stream\")","var Writable = require(\"./lib/_stream_writable.js\")","","if (process.env.READABLE_STREAM === 'disable') {","  module.exports = Stream && Stream.Writable || Writable","}","","module.exports = Writable",""],"l":{"1":1,"2":1,"4":1,"5":0,"8":1}},"/home/travis/build/npmtest/node-npmtest-readable-stream/node_modules/readable-stream/lib/internal/streams/stream-browser.js":{"path":"/home/travis/build/npmtest/node-npmtest-readable-stream/node_modules/readable-stream/lib/internal/streams/stream-browser.js","s":{"1":1},"b":{},"f":{},"fnMap":{},"statementMap":{"1":{"start":{"line":1,"column":0},"end":{"line":1,"column":48}}},"branchMap":{},"code":["module.exports = require('events').EventEmitter;",""],"l":{"1":1}}}